::1 [13-10-2021 19:04:08] GET [301] /files - (1.513 ms)
::1 [13-10-2021 19:04:08] GET [200] /files/ - (31.668 ms)
::1 [13-10-2021 19:04:18] GET [301] /files/documentation - (0.322 ms)
::1 [13-10-2021 19:04:18] GET [200] /files/documentation/ - (1.519 ms)
::1 [13-10-2021 19:04:24] GET [200] /files/documentation/example.txt - (0.595 ms)
::1 [13-10-2021 19:04:38] GET [200] /files/ - (1.398 ms)
::1 [13-10-2021 19:04:40] GET [200] /files/documentation/ - (1.921 ms)
::1 [13-10-2021 19:04:41] GET [200] /files/ - (1.248 ms)
::1 [13-10-2021 19:11:33] GET [200] /files/ - (18.227 ms)
::1 [13-10-2021 19:13:10] GET [200] /files/ - (21.855 ms)
::1 [14-10-2021 01:13:37] GET [200] /files/ - (19.583 ms)
::1 [14-10-2021 01:13:39] GET [200] /files/documentation/ - (2.212 ms)
::1 [15-10-2021 19:50:49] GET [301] /files - (1.408 ms)
::1 [15-10-2021 19:50:49] GET [200] /files/ - (21.687 ms)
::1 [15-10-2021 19:50:55] GET [301] /files/documentation - (0.294 ms)
::1 [15-10-2021 19:50:55] GET [200] /files/documentation/ - (1.986 ms)
::1 [15-10-2021 19:50:57] GET [200] /files/documentation/example.txt - (2.111 ms)
::1 [15-10-2021 19:51:03] GET [404] /files/documentation/test.txt - (0.557 ms)
::1 [15-10-2021 19:51:12] GET [200] /files/documentation/ - (19.564 ms)
::1 [15-10-2021 19:51:16] GET [200] /files/documentation/test.txt - (0.739 ms)
::1 [15-10-2021 19:57:18] GET [200] /files/documentation/ - (19.355 ms)
::1 [15-10-2021 19:57:20] GET [200] /files/documentation/ - (2.123 ms)
::1 [15-10-2021 19:57:22] GET [200] /files/ - (1.888 ms)
::1 [15-10-2021 19:57:30] GET [200] /files/ - (1.976 ms)
::1 [15-10-2021 19:57:32] GET [200] /files/documentation/ - (1.247 ms)
::1 [15-10-2021 19:57:33] GET [304] /files/documentation/example.txt - (0.786 ms)
::1 [15-10-2021 19:58:02] GET [200] /files/documentation/ - (17.364 ms)
::1 [15-10-2021 19:58:16] GET [200] /files/documentation/ - (17.257 ms)
::1 [15-10-2021 19:58:18] GET [301] /files/documentation/readme.txt - (0.867 ms)
::1 [15-10-2021 19:58:18] GET [200] /files/documentation/readme.txt/ - (1.330 ms)
::1 [15-10-2021 19:58:20] GET [301] /files/documentation/readme.txt/readme.txt - (0.333 ms)
::1 [15-10-2021 19:58:20] GET [200] /files/documentation/readme.txt/readme.txt/ - (1.770 ms)
::1 [15-10-2021 19:58:20] GET [301] /files/documentation/readme.txt/readme.txt/readme.txt - (0.329 ms)
::1 [15-10-2021 19:58:20] GET [200] /files/documentation/readme.txt/readme.txt/readme.txt/ - (1.289 ms)
::1 [15-10-2021 19:58:28] GET [500] /files/documentation/readme.txt/readme.txt/readme.txt/ - (1.920 ms)
::1 [15-10-2021 19:58:32] GET [500] /files/documentation/documentation - (0.426 ms)
::1 [15-10-2021 19:58:44] GET [200] /files/ - (17.441 ms)
::1 [15-10-2021 19:59:14] GET [200] /files/ - (16.707 ms)
::1 [15-10-2021 19:59:16] GET [200] /files/documentation/ - (2.200 ms)
::1 [15-10-2021 19:59:17] GET [304] /files/documentation/example.txt - (1.142 ms)
::1 [15-10-2021 20:00:02] GET [200] /files/documentation/ - (17.377 ms)
::1 [15-10-2021 20:00:04] GET [304] /files/documentation/example.txt - (0.872 ms)
::1 [15-10-2021 20:00:08] GET [404] /files/documentation/test - (1.522 ms)
::1 [19-02-2022 16:41:06] GET [301] /files - (0.892 ms)
::1 [19-02-2022 16:41:06] GET [200] /files/ - (25.454 ms)
::1 [19-02-2022 16:41:08] GET [200] /files/readme.txt - (0.566 ms)
::1 [19-02-2022 16:41:10] GET [301] /files/documentation - (0.227 ms)
::1 [19-02-2022 16:41:10] GET [200] /files/documentation/ - (1.268 ms)
::1 [19-02-2022 16:41:12] GET [200] /files/ - (1.355 ms)
::1 [19-02-2022 16:41:14] GET [200] /files/documentation/ - (1.753 ms)
::1 [19-02-2022 16:41:15] GET [200] /files/ - (1.248 ms)
::1 [19-02-2022 16:41:16] GET [200] /files/documentation/ - (1.498 ms)
