::1 [09-06-2022 19:02:36] GET [200] /api - (1.479 ms)
::1 [16-06-2022 18:22:45] GET [200] /api - (1.341 ms)
::1 [02-07-2022 17:35:02] GET [200] /api - (1.629 ms)
::1 [02-07-2022 17:35:58] GET [200] /api - (1.712 ms)
::1 [24-07-2022 16:17:18] GET [200] /api - (1.406 ms)
::1 [28-08-2022 13:48:46] GET [200] /api - (2.039 ms)
::1 [02-09-2022 21:27:51] GET [200] /api - (1.472 ms)
::1 [02-09-2022 21:32:36] GET [200] /api - (2.325 ms)
::1 [14-10-2022 20:34:27] GET [200] /api - (1.793 ms)
::1 [14-10-2022 20:39:59] GET [200] /api - (0.281 ms)
::1 [14-10-2022 20:40:01] GET [200] /api - (0.259 ms)
::1 [14-10-2022 20:44:45] GET [200] /api - (0.189 ms)
::1 [14-10-2022 21:22:55] GET [200] /api - (2.719 ms)
::1 [14-10-2022 21:22:55] GET [200] /api - (0.631 ms)
::1 [14-10-2022 21:38:15] GET [200] /api - (2.768 ms)
::1 [14-10-2022 21:45:31] GET [304] /api - (1.005 ms)
::1 [14-10-2022 21:49:00] GET [304] /api - (1.727 ms)
::1 [14-10-2022 21:52:38] GET [304] /api - (2.000 ms)
::1 [14-10-2022 21:52:43] GET [304] /api - (0.408 ms)
::1 [15-10-2022 12:14:32] GET [200] /api - (1.882 ms)
::1 [16-10-2022 11:12:23] GET [304] /api - (3.062 ms)
::1 [16-10-2022 11:12:28] GET [200] /api/auth - (0.554 ms)
::1 [16-10-2022 11:14:55] GET [500] /api/auth - (1.715 ms)
::1 [16-10-2022 11:15:40] GET [500] /api/auth - (1.677 ms)
::1 [16-10-2022 11:15:51] GET [404] /api/auth - (1.890 ms)
::1 [16-10-2022 11:16:14] GET [404] /api/auth - (1.789 ms)
::1 [16-10-2022 11:22:32] GET [404] /api/auth - (1.446 ms)
::1 [16-10-2022 11:23:40] GET [200] /api/client-app/login-password - (2.122 ms)
::1 [16-10-2022 11:24:46] GET [200] /api/material-storage/login-password - (2.095 ms)
::1 [16-10-2022 11:24:49] GET [200] /api/material-storage/login-card - (0.923 ms)
::1 [16-10-2022 11:24:54] GET [200] /api/material-storage/login-barcode - (0.746 ms)
::1 [16-10-2022 11:32:36] POST [200] /api/client-app/login-password - (1.577 ms)
::1 [16-10-2022 11:33:11] POST [200] /api/client-app/login-password - (269.696 ms)
::1 [16-10-2022 11:36:50] POST [200] /api/client-app/login-password - (2.027 ms)
::1 [16-10-2022 11:37:57] POST [200] /api/client-app/login-password - (2.771 ms)
::1 [16-10-2022 11:38:11] POST [200] /api/client-app/login-password - (2.626 ms)
::1 [16-10-2022 11:38:37] POST [500] /api/client-app/login-password - (2.596 ms)
::1 [16-10-2022 11:38:45] POST [200] /api/client-app/login-password - (1.124 ms)
::1 [16-10-2022 11:39:14] POST [200] /api/client-app/login-password - (2.937 ms)
::1 [16-10-2022 11:39:33] POST [200] /api/client-app/login-password - (4.251 ms)
::1 [16-10-2022 11:40:43] POST [200] /api/client-app/login-password - (2.226 ms)
::1 [16-10-2022 11:41:08] POST [200] /api/client-app/login-password - (1.021 ms)
::1 [16-10-2022 11:41:26] POST [200] /api/client-app/login-password - (39.917 ms)
::1 [16-10-2022 11:43:32] POST [200] /api/client-app/login-password - (2.674 ms)
::1 [16-10-2022 11:52:42] POST [200] /api/client-app/login-password - (2.492 ms)
::1 [16-10-2022 12:30:14] POST [200] /api/client-app/login-password - (3136.186 ms)
::1 [16-10-2022 12:30:45] POST [200] /api/client-app/login-password - (4346.083 ms)
::1 [16-10-2022 12:32:29] POST [200] /api/client-app/login-password - (2387.762 ms)
::1 [16-10-2022 12:33:30] POST [200] /api/client-app/login-password - (3424.824 ms)
::1 [16-10-2022 12:34:29] POST [200] /api/client-app/login-password - (114.161 ms)
::1 [16-10-2022 12:35:17] POST [200] /api/client-app/login-password - (3187.622 ms)
::1 [16-10-2022 12:35:53] POST [200] /api/client-app/login-password - (3598.828 ms)
::1 [16-10-2022 12:36:41] POST [200] /api/client-app/login-password - (77.621 ms)
::1 [16-10-2022 12:37:31] POST [200] /api/client-app/login-password - (62.256 ms)
::1 [16-10-2022 12:44:40] POST [200] /api/client-app/login-password - (3526.685 ms)
::1 [16-10-2022 12:45:00] POST [200] /api/client-app/login-password - (3809.021 ms)
::1 [16-10-2022 12:47:12] POST [200] /api/client-app/login-password - (502.636 ms)
::1 [16-10-2022 12:47:42] POST [403] /api/client-app/login-password - (3725.655 ms)
::1 [16-10-2022 12:47:49] POST [403] /api/client-app/login-password - (143.526 ms)
::1 [16-10-2022 12:49:47] POST [403] /api/client-app/login-password - (2.159 ms)
::1 [16-10-2022 12:49:53] POST [200] /api/client-app/login-password - (120.530 ms)
::1 [16-10-2022 12:50:08] POST [200] /api/client-app/login-password - (3295.084 ms)
::1 [16-10-2022 12:50:28] POST [200] /api/client-app/login-password - (514.953 ms)
::1 [16-10-2022 12:50:36] POST [200] /api/client-app/login-password - (174.127 ms)
::1 [16-10-2022 12:52:34] POST [200] /api/client-app/login-password - (1885.977 ms)
::1 [16-10-2022 12:52:48] POST [200] /api/client-app/login-password - (1058.755 ms)
::1 [16-10-2022 12:53:51] POST [200] /api/client-app/login-password - (227.737 ms)
::1 [16-10-2022 13:02:44] POST [404] /api/client-app/login-password/qwe - (1.710 ms)
::1 [16-10-2022 13:04:10] POST [200] /api/client-app/login-password/qwe - (3.414 ms)
::1 [16-10-2022 13:04:15] POST [200] /api/client-app/login-password/qwe - (0.933 ms)
::1 [16-10-2022 13:05:49] POST [404] /api/client-app/login-password/qwe - (1.995 ms)
::1 [16-10-2022 13:06:28] POST [404] /api/client-app/login-password/qwe - (1.569 ms)
::1 [16-10-2022 13:06:33] POST [200] /api/client-app/login-password - (183.984 ms)
::1 [16-10-2022 13:08:40] GET [304] /api - (1.673 ms)
::1 [16-10-2022 13:33:59] POST [403] /api/client-app/login-password - (1.361 ms)
::1 [16-10-2022 13:35:44] POST [200] /api/client-app/login-password - (3.034 ms)
::1 [16-10-2022 14:57:16] POST [200] /api/client-app/login-password - (228.975 ms)
::1 [16-10-2022 14:57:27] POST [403] /api/client-app/login-password - (213.630 ms)
::1 [16-10-2022 14:57:33] POST [403] /api/client-app/login-password - (39.078 ms)
::1 [16-10-2022 14:57:37] POST [200] /api/client-app/login-password - (177.119 ms)
::1 [16-10-2022 14:59:39] POST [200] /api/client-app/login-password - (179.092 ms)
::1 [16-10-2022 15:49:58] POST [200] /api/client-app/login-password - (202.518 ms)
::1 [16-10-2022 16:01:52] POST [403] /api/client-app/login-password - (57.247 ms)
::1 [16-10-2022 16:16:31] POST [403] /api/client-app/login-password - (31.018 ms)
::1 [16-10-2022 16:23:56] POST [403] /api/client-app/login-password - (34.320 ms)
::1 [16-10-2022 16:24:15] POST [200] /api/client-app/login-password - (274.639 ms)
::1 [16-10-2022 16:32:20] OPTIONS [404] /api/client-app/login-password - (2.385 ms)
::1 [16-10-2022 16:32:31] OPTIONS [404] /api/client-app/login-password - (0.765 ms)
::1 [16-10-2022 16:32:46] POST [200] /api/client-app/login-password - (8.992 ms)
::1 [16-10-2022 16:33:15] POST [200] /api/client-app/login-password - (4.093 ms)
::1 [16-10-2022 16:38:17] POST [200] /api/client-app/login-password - (2.629 ms)
::1 [16-10-2022 16:38:19] POST [200] /api/client-app/login-password - (0.674 ms)
::1 [16-10-2022 16:38:56] POST [200] /api/client-app/login-password - (0.649 ms)
::1 [16-10-2022 16:39:11] POST [200] /api/client-app/login-password - (0.512 ms)
::1 [16-10-2022 16:40:14] POST [403] /api/client-app/login-password - (2615.441 ms)
::1 [16-10-2022 16:40:28] POST [200] /api/client-app/login-password - (192.405 ms)
::1 [16-10-2022 16:40:46] POST [403] /api/client-app/login-password - (26.775 ms)
::1 [16-10-2022 16:41:26] POST [403] /api/client-app/login-password - (38.650 ms)
::1 [16-10-2022 16:41:33] POST [200] /api/client-app/login-password - (190.838 ms)
::1 [16-10-2022 16:44:31] POST [200] /api/client-app/login-password - (224.496 ms)
::1 [16-10-2022 16:44:36] POST [200] /api/client-app/login-password - (239.098 ms)
::1 [16-10-2022 16:44:58] POST [200] /api/client-app/login-password - (159.048 ms)
::1 [16-10-2022 16:45:31] POST [200] /api/client-app/login-password - (177.647 ms)
::1 [16-10-2022 16:46:06] POST [200] /api/client-app/login-password - (163.446 ms)
::1 [16-10-2022 16:47:26] POST [200] /api/client-app/login-password - (170.310 ms)
::1 [16-10-2022 16:48:26] POST [200] /api/client-app/login-password - (337.461 ms)
::1 [16-10-2022 16:48:59] POST [403] /api/client-app/login-password - (45.708 ms)
::1 [16-10-2022 16:49:05] POST [200] /api/client-app/login-password - (166.019 ms)
::1 [16-10-2022 16:49:32] POST [200] /api/client-app/login-password - (165.861 ms)
::1 [16-10-2022 16:50:01] POST [200] /api/client-app/login-password - (170.255 ms)
::1 [16-10-2022 16:53:19] POST [200] /api/client-app/login-password - (176.852 ms)
::1 [16-10-2022 16:55:17] POST [200] /api/client-app/login-password - (258.458 ms)
::1 [16-10-2022 16:56:15] POST [200] /api/client-app/login-password - (200.290 ms)
::1 [16-10-2022 16:56:42] POST [200] /api/client-app/login-password - (187.937 ms)
::1 [16-10-2022 17:00:07] POST [200] /api/client-app/login-password - (159.480 ms)
::1 [16-10-2022 17:00:42] POST [200] /api/client-app/login-password - (275.716 ms)
::1 [16-10-2022 17:01:11] POST [200] /api/client-app/login-password - (174.349 ms)
::1 [16-10-2022 17:02:16] POST [200] /api/client-app/login-password - (187.291 ms)
::1 [16-10-2022 17:04:58] POST [200] /api/client-app/login-password - (170.535 ms)
::1 [16-10-2022 17:06:51] POST [200] /api/client-app/login-password - (184.524 ms)
::1 [16-10-2022 17:08:12] POST [200] /api/client-app/login-password - (209.904 ms)
::1 [16-10-2022 17:16:39] POST [200] /api/client-app/login-password - (162.885 ms)
::1 [16-10-2022 17:17:41] POST [200] /api/client-app/login-password - (195.064 ms)
::1 [16-10-2022 17:18:13] POST [200] /api/client-app/login-password - (175.651 ms)
::1 [16-10-2022 17:18:38] POST [200] /api/client-app/login-password - (240.584 ms)
::1 [16-10-2022 17:23:52] POST [200] /api/client-app/login-password - (158.698 ms)
::1 [16-10-2022 17:26:20] POST [403] /api/client-app/login-password - (71.157 ms)
::1 [16-10-2022 17:26:26] POST [200] /api/client-app/login-password - (225.098 ms)
::1 [16-10-2022 17:31:18] POST [200] /api/client-app/login-password - (165.051 ms)
::1 [16-10-2022 17:31:48] POST [200] /api/client-app/login-password - (266.962 ms)
::1 [16-10-2022 17:33:35] POST [200] /api/client-app/login-password - (168.977 ms)
::1 [16-10-2022 17:35:14] POST [200] /api/client-app/login-password - (162.829 ms)
::1 [16-10-2022 17:40:35] POST [200] /api/client-app/login-password - (171.246 ms)
::1 [16-10-2022 17:42:06] POST [200] /api/client-app/login-password - (157.332 ms)
::1 [16-10-2022 17:43:15] POST [200] /api/client-app/login-password - (154.582 ms)
::1 [16-10-2022 17:52:21] POST [200] /api/client-app/login-password - (176.218 ms)
::1 [16-10-2022 17:52:56] POST [200] /api/client-app/login-password - (155.271 ms)
::1 [16-10-2022 17:55:24] POST [200] /api/client-app/login-password - (162.921 ms)
::1 [16-10-2022 17:56:01] POST [200] /api/client-app/login-password - (164.760 ms)
::1 [16-10-2022 18:00:07] POST [200] /api/client-app/login-password - (179.613 ms)
::1 [16-10-2022 18:00:14] POST [200] /api/client-app/login-password - (152.292 ms)
::1 [16-10-2022 18:02:02] POST [200] /api/client-app/login-password - (152.625 ms)
::1 [16-10-2022 18:02:09] POST [200] /api/client-app/login-password - (160.563 ms)
::1 [16-10-2022 18:05:14] POST [200] /api/client-app/login-password - (185.927 ms)
::1 [16-10-2022 18:07:56] POST [200] /api/client-app/login-password - (161.217 ms)
::1 [16-10-2022 18:08:04] POST [200] /api/client-app/login-password - (163.072 ms)
::1 [16-10-2022 18:10:52] POST [200] /api/client-app/login-password - (163.309 ms)
::1 [16-10-2022 18:11:24] POST [200] /api/client-app/login-password - (157.088 ms)
::1 [16-10-2022 18:11:45] POST [200] /api/client-app/login-password - (152.307 ms)
::1 [16-10-2022 18:12:23] POST [200] /api/client-app/login-password - (166.641 ms)
::1 [16-10-2022 18:12:38] POST [403] /api/client-app/login-password - (26.172 ms)
::1 [16-10-2022 18:12:55] POST [403] /api/client-app/login-password - (29.230 ms)
::1 [16-10-2022 18:13:04] POST [200] /api/client-app/login-password - (160.463 ms)
::1 [16-10-2022 18:41:02] POST [200] /api/client-app/login-password - (269.367 ms)
::1 [16-10-2022 18:45:10] POST [200] /api/client-app/login-password - (159.614 ms)
::1 [16-10-2022 18:45:44] POST [200] /api/client-app/login-password - (223.785 ms)
::1 [16-10-2022 18:46:07] POST [200] /api/client-app/login-password - (179.302 ms)
::1 [16-10-2022 18:46:22] POST [200] /api/client-app/login-password - (162.793 ms)
::1 [16-10-2022 18:46:36] POST [200] /api/client-app/login-password - (170.205 ms)
::1 [16-10-2022 18:46:49] POST [200] /api/client-app/login-password - (160.690 ms)
::1 [16-10-2022 18:48:22] POST [200] /api/client-app/login-password - (163.889 ms)
::1 [16-10-2022 18:49:08] POST [200] /api/client-app/login-password - (153.980 ms)
::1 [16-10-2022 18:50:27] POST [200] /api/client-app/login-password - (170.020 ms)
::1 [16-10-2022 18:51:48] POST [200] /api/client-app/login-password - (182.384 ms)
::1 [16-10-2022 18:53:32] POST [200] /api/client-app/login-password - (173.834 ms)
::1 [16-10-2022 18:53:51] POST [200] /api/client-app/login-password - (173.912 ms)
::1 [16-10-2022 18:54:09] POST [200] /api/client-app/login-password - (158.593 ms)
::1 [16-10-2022 18:54:36] POST [200] /api/client-app/login-password - (160.660 ms)
::1 [16-10-2022 18:55:00] POST [200] /api/client-app/login-password - (176.862 ms)
::1 [16-10-2022 18:55:18] POST [200] /api/client-app/login-password - (170.178 ms)
::1 [16-10-2022 18:55:44] POST [200] /api/client-app/login-password - (160.063 ms)
::1 [16-10-2022 18:55:55] POST [200] /api/client-app/login-password - (158.271 ms)
::1 [16-10-2022 19:01:06] POST [200] /api/client-app/login-password - (181.854 ms)
::1 [16-10-2022 19:06:29] POST [200] /api/client-app/login-password - (161.158 ms)
::1 [16-10-2022 19:48:17] POST [200] /api/client-app/login-password - (707.293 ms)
::1 [16-10-2022 20:17:00] POST [200] /api/client-app/login-password - (212.262 ms)
::1 [16-10-2022 20:21:24] POST [200] /api/client-app/login-password - (213.381 ms)
::1 [16-10-2022 20:29:23] POST [200] /api/client-app/login-password - (232.607 ms)
::1 [16-10-2022 20:30:48] POST [200] /api/client-app/login-password - (221.980 ms)
::1 [16-10-2022 21:02:55] POST [403] /api/client-app/login-password - (43.406 ms)
::1 [16-10-2022 21:03:15] POST [200] /api/client-app/login-password - (235.037 ms)
::1 [16-10-2022 21:14:22] POST [403] /api/client-app/login-password - (33.383 ms)
::1 [16-10-2022 21:24:19] POST [403] /api/client-app/login-password - (27.161 ms)
::1 [16-10-2022 21:29:47] POST [200] /api/client-app/login-password - (749.140 ms)
::1 [16-10-2022 21:34:38] POST [403] /api/client-app/login-password - (83.994 ms)
::1 [16-10-2022 21:34:48] POST [200] /api/client-app/login-password - (571.572 ms)
::1 [16-10-2022 21:37:29] POST [200] /api/client-app/login-password - (174.687 ms)
::1 [16-10-2022 21:45:24] POST [200] /api/client-app/login-password - (205.590 ms)
::1 [16-10-2022 21:51:18] POST [200] /api/client-app/login-password - (231.771 ms)
::1 [16-10-2022 21:54:29] POST [403] /api/client-app/login-password - (28.140 ms)
::1 [16-10-2022 21:56:21] POST [403] /api/client-app/login-password - (31.347 ms)
::1 [16-10-2022 22:04:33] POST [403] /api/client-app/login-password - (31.590 ms)
::1 [16-10-2022 22:08:15] POST [403] /api/client-app/login-password - (35.791 ms)
::1 [16-10-2022 22:10:26] POST [403] /api/client-app/login-password - (29.494 ms)
::1 [16-10-2022 22:10:37] POST [200] /api/client-app/login-password - (255.974 ms)
::1 [16-10-2022 22:18:13] POST [403] /api/client-app/login-password - (29.559 ms)
::1 [16-10-2022 22:18:20] POST [403] /api/client-app/login-password - (28.452 ms)
::1 [16-10-2022 22:18:27] POST [403] /api/client-app/login-password - (185.220 ms)
::1 [16-10-2022 22:18:32] POST [403] /api/client-app/login-password - (42.655 ms)
::1 [16-10-2022 22:18:39] POST [200] /api/client-app/login-password - (157.372 ms)
::1 [16-10-2022 22:21:06] POST [200] /api/client-app/login-password - (167.440 ms)
::1 [16-10-2022 22:21:18] POST [200] /api/client-app/login-password - (621.115 ms)
::1 [16-10-2022 22:22:20] POST [200] /api/client-app/login-password - (222.356 ms)
::1 [16-10-2022 22:25:16] POST [200] /api/client-app/login-password - (245.295 ms)
::1 [16-10-2022 22:27:02] POST [403] /api/client-app/login-password - (36.760 ms)
::1 [16-10-2022 22:27:11] POST [200] /api/client-app/login-password - (182.384 ms)
::1 [16-10-2022 22:28:02] POST [200] /api/client-app/login-password - (193.964 ms)
::1 [16-10-2022 22:33:02] POST [200] /api/client-app/login-password - (311.848 ms)
::1 [16-10-2022 22:57:14] POST [200] /api/client-app/login-password - (189.406 ms)
::1 [16-10-2022 22:57:21] POST [403] /api/client-app/login-password - (31.947 ms)
::1 [16-10-2022 22:57:30] POST [200] /api/client-app/login-password - (795.508 ms)
::1 [19-10-2022 18:07:59] POST [200] /api/client-app/login-password - (218.250 ms)
::1 [19-10-2022 18:26:50] POST [200] /api/client-app/login-password - (214.648 ms)
::1 [19-10-2022 18:29:14] POST [200] /api/client-app/login-password - (270.940 ms)
::1 [19-10-2022 18:29:29] POST [200] /api/client-app/login-password - (161.085 ms)
::1 [19-10-2022 18:29:53] POST [200] /api/client-app/login-password - (398.577 ms)
::1 [19-10-2022 18:30:10] POST [200] /api/client-app/login-password - (157.732 ms)
::1 [19-10-2022 18:42:15] POST [200] /api/client-app/login-password - (324.673 ms)
::1 [19-10-2022 18:43:51] POST [200] /api/client-app/login-password - (196.576 ms)
::1 [19-10-2022 18:44:26] POST [200] /api/client-app/login-password - (193.874 ms)
::1 [19-10-2022 19:08:54] POST [200] /api/client-app/login-password - (156.698 ms)
::1 [19-10-2022 19:09:37] POST [200] /api/client-app/login-password - (224.100 ms)
::1 [19-10-2022 19:10:09] POST [200] /api/client-app/login-password - (364.811 ms)
::1 [19-10-2022 19:10:28] POST [200] /api/client-app/login-password - (203.711 ms)
::1 [19-10-2022 19:12:03] POST [200] /api/client-app/login-password - (156.501 ms)
::1 [19-10-2022 19:13:09] POST [200] /api/client-app/login-password - (158.156 ms)
::1 [19-10-2022 19:13:40] POST [200] /api/client-app/login-password - (252.228 ms)
::1 [19-10-2022 19:14:28] POST [200] /api/client-app/login-password - (231.306 ms)
::1 [19-10-2022 19:14:46] POST [200] /api/client-app/login-password - (163.017 ms)
::1 [19-10-2022 19:15:53] POST [200] /api/client-app/login-password - (175.347 ms)
::1 [19-10-2022 19:16:29] POST [200] /api/client-app/login-password - (172.506 ms)
::1 [19-10-2022 19:18:43] POST [200] /api/client-app/login-password - (235.739 ms)
::1 [19-10-2022 19:18:59] POST [200] /api/client-app/login-password - (177.577 ms)
::1 [19-10-2022 19:19:30] POST [200] /api/client-app/login-password - (177.072 ms)
::1 [19-10-2022 19:19:43] POST [200] /api/client-app/login-password - (160.691 ms)
::1 [19-10-2022 19:20:20] POST [200] /api/client-app/login-password - (164.469 ms)
::1 [19-10-2022 19:20:31] POST [200] /api/client-app/login-password - (175.056 ms)
::1 [19-10-2022 19:21:15] POST [200] /api/client-app/login-password - (218.727 ms)
::1 [19-10-2022 19:22:07] POST [200] /api/client-app/login-password - (161.794 ms)
::1 [19-10-2022 19:22:24] POST [200] /api/client-app/login-password - (156.846 ms)
::1 [19-10-2022 19:23:08] POST [200] /api/client-app/login-password - (167.591 ms)
::1 [19-10-2022 19:23:41] POST [200] /api/client-app/login-password - (158.962 ms)
::1 [19-10-2022 19:24:04] POST [200] /api/client-app/login-password - (179.905 ms)
::1 [19-10-2022 19:24:26] POST [200] /api/client-app/login-password - (181.034 ms)
::1 [19-10-2022 19:24:52] POST [200] /api/client-app/login-password - (254.155 ms)
::1 [19-10-2022 19:25:11] POST [200] /api/client-app/login-password - (175.652 ms)
::1 [19-10-2022 19:25:31] POST [200] /api/client-app/login-password - (163.974 ms)
::1 [19-10-2022 19:26:32] POST [200] /api/client-app/login-password - (157.418 ms)
::1 [19-10-2022 19:27:17] POST [200] /api/client-app/login-password - (173.821 ms)
::1 [19-10-2022 19:28:05] POST [200] /api/client-app/login-password - (210.945 ms)
::1 [19-10-2022 19:28:38] POST [200] /api/client-app/login-password - (317.215 ms)
::1 [19-10-2022 19:28:51] POST [200] /api/client-app/login-password - (210.497 ms)
::1 [19-10-2022 19:29:11] POST [200] /api/client-app/login-password - (171.592 ms)
::1 [19-10-2022 19:30:04] POST [200] /api/client-app/login-password - (153.426 ms)
::1 [19-10-2022 19:33:24] POST [200] /api/client-app/login-password - (176.517 ms)
::1 [19-10-2022 19:33:54] POST [200] /api/client-app/login-password - (160.240 ms)
::1 [19-10-2022 19:34:16] POST [200] /api/client-app/login-password - (162.039 ms)
::1 [19-10-2022 19:34:36] POST [200] /api/client-app/login-password - (217.735 ms)
::1 [19-10-2022 19:34:47] POST [200] /api/client-app/login-password - (152.136 ms)
::1 [19-10-2022 19:35:02] POST [200] /api/client-app/login-password - (210.115 ms)
::1 [19-10-2022 19:35:31] POST [200] /api/client-app/login-password - (199.699 ms)
::1 [19-10-2022 19:35:45] POST [200] /api/client-app/login-password - (166.234 ms)
::1 [19-10-2022 19:36:15] POST [200] /api/client-app/login-password - (161.175 ms)
::1 [19-10-2022 19:37:37] POST [200] /api/client-app/login-password - (236.510 ms)
::1 [19-10-2022 19:37:46] POST [200] /api/client-app/login-password - (158.691 ms)
::1 [19-10-2022 19:37:58] POST [200] /api/client-app/login-password - (182.884 ms)
::1 [19-10-2022 19:38:11] POST [200] /api/client-app/login-password - (159.014 ms)
::1 [19-10-2022 19:39:00] POST [200] /api/client-app/login-password - (252.001 ms)
::1 [19-10-2022 19:40:08] POST [200] /api/client-app/login-password - (426.212 ms)
::1 [19-10-2022 19:42:29] POST [200] /api/client-app/login-password - (214.358 ms)
::1 [19-10-2022 19:43:41] POST [200] /api/client-app/login-password - (165.264 ms)
::1 [19-10-2022 19:44:10] POST [200] /api/client-app/login-password - (233.388 ms)
::1 [19-10-2022 19:44:46] POST [200] /api/client-app/login-password - (162.076 ms)
::1 [19-10-2022 19:46:12] POST [200] /api/client-app/login-password - (180.977 ms)
::1 [19-10-2022 19:52:19] POST [200] /api/client-app/login-password - (259.505 ms)
::1 [19-10-2022 19:52:48] POST [200] /api/client-app/login-password - (161.316 ms)
::1 [19-10-2022 19:53:06] POST [200] /api/client-app/login-password - (187.155 ms)
::1 [19-10-2022 19:53:36] POST [200] /api/client-app/login-password - (174.016 ms)
::1 [19-10-2022 19:54:16] POST [200] /api/client-app/login-password - (350.666 ms)
::1 [19-10-2022 19:55:08] POST [200] /api/client-app/login-password - (258.966 ms)
::1 [19-10-2022 19:55:35] POST [200] /api/client-app/login-password - (162.062 ms)
::1 [19-10-2022 19:57:03] POST [200] /api/client-app/login-password - (158.379 ms)
::1 [19-10-2022 20:30:27] POST [200] /api/client-app/login-password - (186.626 ms)
::1 [19-10-2022 20:33:50] POST [200] /api/client-app/login-password - (165.237 ms)
::1 [19-10-2022 20:38:13] POST [200] /api/client-app/login-password - (176.159 ms)
::1 [19-10-2022 20:41:56] POST [200] /api/client-app/login-password - (172.341 ms)
::1 [19-10-2022 20:54:24] POST [200] /api/client-app/login-password - (165.133 ms)
::1 [19-10-2022 20:55:25] POST [200] /api/client-app/login-password - (170.007 ms)
::1 [19-10-2022 20:57:19] POST [200] /api/client-app/login-password - (161.520 ms)
::1 [19-10-2022 21:32:24] POST [200] /api/client-app/login-password - (345.683 ms)
::1 [19-10-2022 21:32:46] POST [200] /api/client-app/login-password - (312.369 ms)
::1 [19-10-2022 21:33:16] POST [200] /api/client-app/login-password - (713.062 ms)
::1 [19-10-2022 21:34:07] POST [200] /api/client-app/login-password - (241.470 ms)
::1 [19-10-2022 21:40:00] POST [200] /api/client-app/login-password - (191.224 ms)
::1 [19-10-2022 21:45:41] POST [200] /api/client-app/login-password - (163.767 ms)
::1 [19-10-2022 21:46:47] POST [200] /api/client-app/login-password - (175.610 ms)
::1 [19-10-2022 21:47:47] POST [200] /api/client-app/login-password - (466.665 ms)
::1 [19-10-2022 21:49:38] POST [200] /api/client-app/login-password - (1087.721 ms)
::1 [19-10-2022 21:49:57] POST [200] /api/client-app/login-password - (260.412 ms)
::1 [19-10-2022 21:51:38] POST [200] /api/client-app/login-password - (184.370 ms)
::1 [19-10-2022 21:52:05] POST [200] /api/client-app/login-password - (191.044 ms)
::1 [19-10-2022 21:54:04] POST [200] /api/client-app/login-password - (188.324 ms)
::1 [19-10-2022 21:56:21] POST [200] /api/client-app/login-password - (156.723 ms)
::1 [19-10-2022 21:57:42] POST [200] /api/client-app/login-password - (176.865 ms)
::1 [19-10-2022 21:58:06] POST [200] /api/client-app/login-password - (229.264 ms)
::1 [19-10-2022 22:07:28] POST [200] /api/client-app/login-password - (172.533 ms)
::1 [19-10-2022 22:09:32] POST [200] /api/client-app/login-password - (326.011 ms)
::1 [19-10-2022 22:10:18] POST [200] /api/client-app/login-password - (164.315 ms)
::1 [19-10-2022 22:10:59] POST [200] /api/client-app/login-password - (174.667 ms)
::1 [19-10-2022 22:12:26] POST [200] /api/client-app/login-password - (277.110 ms)
::1 [19-10-2022 22:12:46] POST [200] /api/client-app/login-password - (315.770 ms)
::1 [19-10-2022 22:13:04] POST [200] /api/client-app/login-password - (196.659 ms)
::1 [19-10-2022 22:13:38] POST [200] /api/client-app/login-password - (167.907 ms)
::1 [19-10-2022 22:13:54] POST [200] /api/client-app/login-password - (174.245 ms)
::1 [19-10-2022 22:14:16] POST [200] /api/client-app/login-password - (196.372 ms)
::1 [19-10-2022 22:14:57] POST [200] /api/client-app/login-password - (362.391 ms)
::1 [19-10-2022 22:15:56] POST [200] /api/client-app/login-password - (212.137 ms)
::1 [19-10-2022 22:16:27] POST [200] /api/client-app/login-password - (181.502 ms)
::1 [19-10-2022 22:16:51] POST [200] /api/client-app/login-password - (164.602 ms)
::1 [19-10-2022 22:18:01] POST [200] /api/client-app/login-password - (268.391 ms)
::1 [19-10-2022 22:18:36] POST [200] /api/client-app/login-password - (231.170 ms)
::1 [19-10-2022 22:19:41] POST [200] /api/client-app/login-password - (339.942 ms)
::1 [19-10-2022 22:20:19] POST [200] /api/client-app/login-password - (190.160 ms)
::1 [19-10-2022 22:20:37] POST [200] /api/client-app/login-password - (166.650 ms)
::1 [19-10-2022 22:22:15] POST [200] /api/client-app/login-password - (169.731 ms)
::1 [19-10-2022 22:22:30] POST [200] /api/client-app/login-password - (171.485 ms)
::1 [19-10-2022 22:23:30] POST [200] /api/client-app/login-password - (153.124 ms)
::1 [19-10-2022 22:23:48] POST [200] /api/client-app/login-password - (155.094 ms)
::1 [19-10-2022 22:24:18] POST [200] /api/client-app/login-password - (172.060 ms)
::1 [19-10-2022 22:24:57] POST [200] /api/client-app/login-password - (151.398 ms)
::1 [19-10-2022 22:26:53] POST [200] /api/client-app/login-password - (155.589 ms)
::1 [19-10-2022 22:29:09] POST [200] /api/client-app/login-password - (168.131 ms)
::1 [19-10-2022 22:29:48] POST [200] /api/client-app/login-password - (154.503 ms)
::1 [19-10-2022 22:30:17] POST [200] /api/client-app/login-password - (173.195 ms)
::1 [19-10-2022 22:30:51] POST [200] /api/client-app/login-password - (172.929 ms)
::1 [19-10-2022 22:32:48] POST [200] /api/client-app/login-password - (318.993 ms)
::1 [19-10-2022 22:36:07] POST [200] /api/client-app/login-password - (174.605 ms)
::1 [19-10-2022 22:36:52] POST [200] /api/client-app/login-password - (160.367 ms)
::1 [19-10-2022 22:37:17] POST [200] /api/client-app/login-password - (159.815 ms)
::1 [19-10-2022 22:41:13] POST [200] /api/client-app/login-password - (160.456 ms)
::1 [19-10-2022 22:42:24] POST [200] /api/client-app/login-password - (155.080 ms)
::1 [19-10-2022 22:42:46] POST [200] /api/client-app/login-password - (161.512 ms)
::1 [19-10-2022 22:43:08] POST [200] /api/client-app/login-password - (165.606 ms)
::1 [19-10-2022 22:44:27] POST [200] /api/client-app/login-password - (158.062 ms)
::1 [19-10-2022 22:45:00] POST [200] /api/client-app/login-password - (173.536 ms)
::1 [19-10-2022 22:45:45] POST [200] /api/client-app/login-password - (168.445 ms)
::1 [19-10-2022 22:46:14] POST [200] /api/client-app/login-password - (159.126 ms)
::1 [19-10-2022 22:46:42] POST [200] /api/client-app/login-password - (161.509 ms)
::1 [19-10-2022 22:47:12] POST [200] /api/client-app/login-password - (178.063 ms)
::1 [19-10-2022 22:47:35] POST [200] /api/client-app/login-password - (172.416 ms)
::1 [19-10-2022 22:48:01] POST [200] /api/client-app/login-password - (169.043 ms)
::1 [19-10-2022 22:49:04] POST [200] /api/client-app/login-password - (161.190 ms)
::1 [19-10-2022 23:02:49] POST [200] /api/client-app/login-password - (191.217 ms)
::1 [19-10-2022 23:09:01] POST [200] /api/client-app/login-password - (167.863 ms)
::1 [19-10-2022 23:09:22] POST [200] /api/client-app/login-password - (173.702 ms)
::1 [19-10-2022 23:10:13] POST [200] /api/client-app/login-password - (164.520 ms)
::1 [19-10-2022 23:11:34] POST [200] /api/client-app/login-password - (165.992 ms)
::1 [19-10-2022 23:12:00] POST [200] /api/client-app/login-password - (169.763 ms)
::1 [19-10-2022 23:12:33] POST [200] /api/client-app/login-password - (171.341 ms)
::1 [19-10-2022 23:13:04] POST [200] /api/client-app/login-password - (155.285 ms)
::1 [19-10-2022 23:13:27] POST [200] /api/client-app/login-password - (159.841 ms)
::1 [19-10-2022 23:13:54] POST [200] /api/client-app/login-password - (287.885 ms)
::1 [19-10-2022 23:14:10] POST [200] /api/client-app/login-password - (222.300 ms)
::1 [19-10-2022 23:15:07] POST [200] /api/client-app/login-password - (162.527 ms)
::1 [19-10-2022 23:15:52] POST [200] /api/client-app/login-password - (181.853 ms)
::1 [20-10-2022 18:09:47] POST [200] /api/client-app/login-password - (185.855 ms)
::1 [20-10-2022 18:27:42] POST [200] /api/client-app/login-password - (261.748 ms)
::1 [20-10-2022 18:30:14] POST [200] /api/client-app/login-password - (254.699 ms)
::1 [20-10-2022 18:34:22] POST [200] /api/client-app/login-password - (314.884 ms)
::1 [20-10-2022 18:34:39] POST [200] /api/client-app/login-password - (186.440 ms)
::1 [20-10-2022 18:42:03] POST [200] /api/client-app/login-password - (164.371 ms)
::1 [20-10-2022 18:46:38] POST [200] /api/client-app/login-password - (209.080 ms)
::1 [20-10-2022 18:48:16] POST [200] /api/client-app/login-password - (166.026 ms)
::1 [20-10-2022 18:52:02] POST [200] /api/client-app/login-password - (218.283 ms)
::1 [20-10-2022 18:55:50] POST [200] /api/client-app/login-password - (203.981 ms)
::1 [20-10-2022 18:56:18] POST [200] /api/client-app/login-password - (203.493 ms)
::1 [20-10-2022 18:57:12] POST [200] /api/client-app/login-password - (195.883 ms)
::1 [20-10-2022 18:58:21] POST [200] /api/client-app/login-password - (210.282 ms)
::1 [20-10-2022 18:58:50] POST [200] /api/client-app/login-password - (166.408 ms)
::1 [20-10-2022 19:02:40] POST [200] /api/client-app/login-password - (167.442 ms)
::1 [20-10-2022 19:06:29] POST [200] /api/client-app/login-password - (250.109 ms)
::1 [20-10-2022 19:07:19] POST [200] /api/client-app/login-password - (178.987 ms)
::1 [20-10-2022 19:08:39] POST [200] /api/client-app/login-password - (154.033 ms)
::1 [20-10-2022 19:09:30] POST [200] /api/client-app/login-password - (188.766 ms)
::1 [20-10-2022 19:56:44] POST [200] /api/client-app/login-password - (199.233 ms)
::1 [20-10-2022 19:57:37] POST [200] /api/client-app/login-password - (208.704 ms)
::1 [20-10-2022 20:01:12] POST [200] /api/client-app/login-password - (167.194 ms)
::1 [20-10-2022 20:04:37] POST [200] /api/client-app/login-password - (158.242 ms)
::1 [20-10-2022 20:12:20] POST [200] /api/client-app/login-password - (159.975 ms)
::1 [20-10-2022 20:13:33] POST [200] /api/client-app/login-password - (234.899 ms)
::1 [20-10-2022 20:14:17] POST [200] /api/client-app/login-password - (202.546 ms)
::1 [20-10-2022 20:14:47] POST [200] /api/client-app/login-password - (195.794 ms)
::1 [20-10-2022 20:17:06] POST [200] /api/client-app/login-password - (274.423 ms)
::1 [20-10-2022 20:17:40] POST [200] /api/client-app/login-password - (231.171 ms)
::1 [20-10-2022 20:18:52] POST [200] /api/client-app/login-password - (293.730 ms)
::1 [20-10-2022 20:19:07] POST [403] /api/client-app/login-password - (185.196 ms)
::1 [20-10-2022 20:19:11] POST [200] /api/client-app/login-password - (172.198 ms)
::1 [20-10-2022 20:27:59] POST [200] /api/client-app/login-password - (234.136 ms)
::1 [20-10-2022 20:33:11] POST [200] /api/client-app/login-password - (164.781 ms)
::1 [20-10-2022 20:33:42] POST [200] /api/client-app/login-password - (154.962 ms)
::1 [20-10-2022 20:48:37] POST [200] /api/client-app/login-password - (198.696 ms)
::1 [20-10-2022 20:49:35] POST [200] /api/client-app/login-password - (201.440 ms)
::1 [20-10-2022 20:49:51] POST [200] /api/client-app/login-password - (163.132 ms)
::1 [20-10-2022 20:51:31] POST [200] /api/client-app/login-password - (172.255 ms)
::1 [20-10-2022 20:53:35] POST [200] /api/client-app/login-password - (153.810 ms)
::1 [20-10-2022 21:03:06] POST [200] /api/client-app/login-password - (171.563 ms)
::1 [20-10-2022 21:05:46] POST [200] /api/client-app/login-password - (163.578 ms)
::1 [20-10-2022 21:06:19] POST [200] /api/client-app/login-password - (163.775 ms)
::1 [20-10-2022 21:07:29] POST [200] /api/client-app/login-password - (185.270 ms)
::1 [20-10-2022 21:07:48] POST [200] /api/client-app/login-password - (276.555 ms)
::1 [20-10-2022 21:09:17] POST [200] /api/client-app/login-password - (163.799 ms)
::1 [20-10-2022 21:33:49] POST [200] /api/client-app/login-password - (163.090 ms)
::1 [20-10-2022 21:34:06] POST [200] /api/client-app/login-password - (180.460 ms)
::1 [20-10-2022 21:34:23] POST [200] /api/client-app/login-password - (174.692 ms)
::1 [20-10-2022 21:34:41] POST [200] /api/client-app/login-password - (162.075 ms)
::1 [20-10-2022 21:43:00] POST [200] /api/client-app/login-password - (158.094 ms)
::1 [20-10-2022 21:43:16] POST [200] /api/client-app/login-password - (175.207 ms)
::1 [20-10-2022 21:43:40] POST [200] /api/client-app/login-password - (163.582 ms)
::1 [20-10-2022 21:44:43] POST [200] /api/client-app/login-password - (164.893 ms)
::1 [20-10-2022 21:45:16] POST [200] /api/client-app/login-password - (156.635 ms)
::1 [20-10-2022 21:45:33] POST [200] /api/client-app/login-password - (199.370 ms)
::1 [20-10-2022 21:50:46] POST [200] /api/client-app/login-password - (177.731 ms)
::1 [20-10-2022 21:50:57] POST [200] /api/client-app/login-password - (179.485 ms)
::1 [20-10-2022 21:51:24] POST [200] /api/client-app/login-password - (249.986 ms)
::1 [20-10-2022 21:54:16] POST [200] /api/client-app/login-password - (193.352 ms)
::1 [20-10-2022 21:54:26] POST [200] /api/client-app/login-password - (233.909 ms)
::1 [20-10-2022 21:57:32] POST [200] /api/client-app/login-password - (197.477 ms)
::1 [20-10-2022 21:58:04] POST [200] /api/client-app/login-password - (150.584 ms)
::1 [20-10-2022 21:58:28] POST [200] /api/client-app/login-password - (179.083 ms)
::1 [20-10-2022 22:00:06] POST [200] /api/client-app/login-password - (319.549 ms)
::1 [20-10-2022 22:06:25] POST [200] /api/client-app/login-password - (167.229 ms)
::1 [20-10-2022 22:06:56] POST [200] /api/client-app/login-password - (233.088 ms)
::1 [23-10-2022 15:04:21] POST [403] /api/client-app/login-password - (1.825 ms)
::1 [23-10-2022 15:05:08] POST [200] /api/client-app/login-password - (200.161 ms)
::1 [23-10-2022 15:46:30] POST [200] /api/client-app/login-password - (212.525 ms)
::1 [23-10-2022 15:55:42] POST [200] /api/client-app/login-password - (216.500 ms)
::1 [23-10-2022 15:56:13] POST [200] /api/client-app/login-password - (178.284 ms)
::1 [23-10-2022 15:58:07] POST [200] /api/client-app/login-password - (165.302 ms)
::1 [23-10-2022 16:03:56] POST [200] /api/client-app/login-password - (370.247 ms)
::1 [23-10-2022 16:05:57] POST [200] /api/client-app/login-password - (182.554 ms)
::1 [23-10-2022 16:09:48] POST [200] /api/client-app/login-password - (163.788 ms)
::1 [23-10-2022 16:11:26] POST [200] /api/client-app/login-password - (166.792 ms)
::1 [23-10-2022 16:11:50] POST [200] /api/client-app/login-password - (176.435 ms)
::1 [23-10-2022 16:12:05] POST [200] /api/client-app/login-password - (210.683 ms)
::1 [23-10-2022 16:13:24] POST [200] /api/client-app/login-password - (155.958 ms)
::1 [23-10-2022 16:14:15] POST [200] /api/client-app/login-password - (164.750 ms)
::1 [23-10-2022 16:19:00] POST [200] /api/client-app/login-password - (160.994 ms)
::1 [23-10-2022 16:27:40] POST [200] /api/client-app/login-password - (158.885 ms)
::1 [23-10-2022 16:27:58] POST [200] /api/client-app/login-password - (151.957 ms)
::1 [23-10-2022 16:29:08] POST [200] /api/client-app/login-password - (166.881 ms)
::1 [23-10-2022 16:29:17] POST [200] /api/client-app/login-password - (158.792 ms)
::1 [23-10-2022 16:30:12] POST [200] /api/client-app/login-password - (155.726 ms)
::1 [23-10-2022 16:31:04] POST [200] /api/client-app/login-password - (154.588 ms)
::1 [23-10-2022 16:31:15] POST [200] /api/client-app/login-password - (174.605 ms)
::1 [23-10-2022 16:31:56] POST [200] /api/client-app/login-password - (156.168 ms)
::1 [23-10-2022 16:32:04] POST [200] /api/client-app/login-password - (161.184 ms)
::1 [23-10-2022 16:32:16] POST [200] /api/client-app/login-password - (152.612 ms)
::1 [23-10-2022 16:32:27] POST [200] /api/client-app/login-password - (876.144 ms)
::1 [23-10-2022 16:34:32] POST [200] /api/client-app/login-password - (216.109 ms)
::1 [23-10-2022 16:34:49] POST [200] /api/client-app/login-password - (177.216 ms)
::1 [23-10-2022 16:36:12] POST [200] /api/client-app/login-password - (267.669 ms)
::1 [23-10-2022 16:36:20] POST [200] /api/client-app/login-password - (160.634 ms)
::1 [23-10-2022 16:37:31] POST [200] /api/client-app/login-password - (181.024 ms)
::1 [23-10-2022 16:39:26] POST [200] /api/client-app/login-password - (198.731 ms)
::1 [23-10-2022 16:39:35] POST [200] /api/client-app/login-password - (212.036 ms)
::1 [23-10-2022 16:40:58] POST [200] /api/client-app/login-password - (199.071 ms)
::1 [23-10-2022 16:41:12] POST [200] /api/client-app/login-password - (885.606 ms)
::1 [23-10-2022 16:42:09] POST [200] /api/client-app/login-password - (196.076 ms)
::1 [23-10-2022 16:42:38] POST [200] /api/client-app/login-password - (742.750 ms)
::1 [23-10-2022 16:42:52] POST [200] /api/client-app/login-password - (674.126 ms)
::1 [23-10-2022 16:43:10] POST [200] /api/client-app/login-password - (827.679 ms)
::1 [23-10-2022 16:44:54] POST [200] /api/client-app/login-password - (160.445 ms)
::1 [23-10-2022 16:45:04] POST [200] /api/client-app/login-password - (768.639 ms)
::1 [23-10-2022 16:46:53] POST [200] /api/client-app/login-password - (212.143 ms)
::1 [23-10-2022 16:46:59] POST [200] /api/client-app/login-password - (236.608 ms)
::1 [23-10-2022 16:47:09] POST [200] /api/client-app/login-password - (842.293 ms)
::1 [23-10-2022 16:47:56] POST [200] /api/client-app/login-password - (195.015 ms)
::1 [23-10-2022 16:48:08] POST [200] /api/client-app/login-password - (158.826 ms)
::1 [23-10-2022 16:49:42] POST [200] /api/client-app/login-password - (183.985 ms)
::1 [23-10-2022 16:49:49] POST [200] /api/client-app/login-password - (177.976 ms)
::1 [23-10-2022 16:58:37] POST [200] /api/client-app/login-password - (250.637 ms)
::1 [23-10-2022 16:58:51] POST [200] /api/client-app/login-password - (744.214 ms)
::1 [23-10-2022 17:09:59] POST [200] /api/client-app/login-password - (178.067 ms)
::1 [23-10-2022 17:10:11] POST [403] /api/client-app/login-password - (219.298 ms)
::1 [23-10-2022 17:10:17] POST [200] /api/client-app/login-password - (259.466 ms)
::1 [23-10-2022 17:10:30] POST [200] /api/client-app/login-password - (884.856 ms)
::1 [23-10-2022 17:11:15] POST [200] /api/client-app/login-password - (629.327 ms)
::1 [23-10-2022 17:12:24] POST [200] /api/client-app/login-password - (388.948 ms)
::1 [23-10-2022 17:13:40] POST [200] /api/client-app/login-password - (179.683 ms)
::1 [23-10-2022 17:13:52] POST [200] /api/client-app/login-password - (600.744 ms)
::1 [23-10-2022 17:32:59] POST [200] /api/client-app/login-password - (211.843 ms)
::1 [23-10-2022 17:43:19] POST [200] /api/client-app/login-password - (193.510 ms)
::1 [23-10-2022 17:44:53] POST [200] /api/client-app/login-password - (168.071 ms)
::1 [23-10-2022 17:47:38] POST [200] /api/client-app/login-password - (154.547 ms)
::1 [23-10-2022 17:49:07] POST [200] /api/client-app/login-password - (159.263 ms)
::1 [23-10-2022 17:50:11] POST [200] /api/client-app/login-password - (201.232 ms)
::1 [23-10-2022 17:52:03] POST [200] /api/client-app/login-password - (158.215 ms)
::1 [23-10-2022 17:55:32] POST [200] /api/client-app/login-password - (209.089 ms)
::1 [23-10-2022 17:55:48] POST [200] /api/client-app/login-password - (302.425 ms)
::1 [23-10-2022 17:58:04] POST [200] /api/client-app/login-password - (182.369 ms)
::1 [23-10-2022 17:58:27] POST [200] /api/client-app/login-password - (244.242 ms)
::1 [23-10-2022 18:03:56] POST [200] /api/client-app/login-password - (215.465 ms)
::1 [23-10-2022 18:10:44] POST [200] /api/client-app/login-password - (253.715 ms)
::1 [23-10-2022 18:13:47] POST [200] /api/client-app/login-password - (186.265 ms)
::1 [23-10-2022 18:14:25] POST [200] /api/client-app/login-password - (184.966 ms)
::1 [23-10-2022 18:14:38] POST [200] /api/client-app/login-password - (162.570 ms)
::1 [23-10-2022 18:16:45] POST [200] /api/client-app/login-password - (213.817 ms)
::1 [23-10-2022 18:18:35] POST [200] /api/client-app/login-password - (192.417 ms)
::1 [23-10-2022 18:39:30] POST [200] /api/client-app/login-password - (190.222 ms)
::1 [23-10-2022 18:40:12] POST [200] /api/client-app/login-password - (167.246 ms)
::1 [23-10-2022 18:41:39] POST [200] /api/client-app/login-password - (178.856 ms)
::1 [23-10-2022 18:41:54] POST [200] /api/client-app/login-password - (263.110 ms)
::1 [23-10-2022 18:42:11] POST [200] /api/client-app/login-password - (184.189 ms)
::1 [23-10-2022 18:42:53] POST [200] /api/client-app/login-password - (170.582 ms)
::1 [23-10-2022 18:43:39] POST [200] /api/client-app/login-password - (164.298 ms)
::1 [23-10-2022 18:44:06] POST [200] /api/client-app/login-password - (240.096 ms)
::1 [23-10-2022 18:44:29] POST [200] /api/client-app/login-password - (182.075 ms)
::1 [23-10-2022 18:45:32] POST [200] /api/client-app/login-password - (159.656 ms)
::1 [23-10-2022 18:46:57] POST [200] /api/client-app/login-password - (186.858 ms)
::1 [23-10-2022 18:47:30] POST [200] /api/client-app/login-password - (263.344 ms)
::1 [23-10-2022 18:48:36] POST [200] /api/client-app/login-password - (186.185 ms)
::1 [23-10-2022 18:50:06] POST [200] /api/client-app/login-password - (168.314 ms)
::1 [23-10-2022 18:50:35] POST [200] /api/client-app/login-password - (219.366 ms)
::1 [23-10-2022 18:52:10] POST [200] /api/client-app/login-password - (168.215 ms)
::1 [23-10-2022 18:52:31] POST [200] /api/client-app/login-password - (165.807 ms)
::1 [23-10-2022 18:53:01] POST [200] /api/client-app/login-password - (172.502 ms)
::1 [23-10-2022 18:53:42] POST [200] /api/client-app/login-password - (225.393 ms)
::1 [23-10-2022 18:53:52] POST [200] /api/client-app/login-password - (163.976 ms)
::1 [23-10-2022 18:54:33] POST [200] /api/client-app/login-password - (158.703 ms)
::1 [23-10-2022 18:54:47] POST [200] /api/client-app/login-password - (693.625 ms)
::1 [23-10-2022 18:55:03] POST [200] /api/client-app/login-password - (217.412 ms)
::1 [23-10-2022 18:57:16] POST [200] /api/client-app/login-password - (185.472 ms)
::1 [23-10-2022 18:57:38] POST [200] /api/client-app/login-password - (213.288 ms)
::1 [23-10-2022 18:59:54] POST [200] /api/client-app/login-password - (171.954 ms)
::1 [23-10-2022 19:00:08] POST [200] /api/client-app/login-password - (768.346 ms)
::1 [23-10-2022 19:00:40] POST [200] /api/client-app/login-password - (183.422 ms)
::1 [23-10-2022 19:01:16] POST [200] /api/client-app/login-password - (180.756 ms)
::1 [23-10-2022 19:01:27] POST [200] /api/client-app/login-password - (167.355 ms)
::1 [23-10-2022 19:15:37] POST [200] /api/client-app/login-password - (170.667 ms)
::1 [23-10-2022 19:15:46] POST [200] /api/client-app/login-password - (185.033 ms)
::1 [23-10-2022 19:16:38] POST [200] /api/client-app/login-password - (204.033 ms)
::1 [23-10-2022 19:44:47] POST [200] /api/client-app/login-password - (272.895 ms)
::1 [23-10-2022 19:51:41] POST [200] /api/client-app/login-password - (320.635 ms)
::1 [23-10-2022 19:51:53] POST [200] /api/client-app/login-password - (702.237 ms)
::1 [23-10-2022 19:52:11] POST [200] /api/client-app/login-password - (1157.034 ms)
::1 [23-10-2022 19:55:42] POST [200] /api/client-app/login-password - (199.666 ms)
::1 [23-10-2022 20:00:09] POST [200] /api/client-app/login-password - (179.869 ms)
::1 [23-10-2022 20:00:39] POST [200] /api/client-app/login-password - (281.620 ms)
::1 [23-10-2022 20:15:37] POST [200] /api/client-app/login-password - (401.935 ms)
::1 [23-10-2022 20:16:13] POST [200] /api/client-app/login-password - (260.179 ms)
::1 [23-10-2022 20:18:25] POST [200] /api/client-app/login-password - (268.182 ms)
::1 [23-10-2022 20:18:38] POST [200] /api/client-app/login-password - (273.765 ms)
::1 [23-10-2022 20:21:36] POST [200] /api/client-app/login-password - (343.263 ms)
::1 [23-10-2022 20:22:12] POST [200] /api/client-app/login-password - (306.870 ms)
::1 [23-10-2022 20:23:02] POST [200] /api/client-app/login-password - (248.739 ms)
::1 [23-10-2022 20:23:18] POST [200] /api/client-app/login-password - (236.567 ms)
::1 [23-10-2022 20:30:09] POST [200] /api/client-app/login-password - (159.548 ms)
::1 [23-10-2022 20:30:34] POST [200] /api/client-app/login-password - (310.466 ms)
::1 [23-10-2022 20:30:55] POST [200] /api/client-app/login-password - (359.547 ms)
::1 [23-10-2022 20:32:36] POST [200] /api/client-app/login-password - (291.709 ms)
::1 [23-10-2022 20:35:16] POST [200] /api/client-app/login-password - (229.836 ms)
::1 [23-10-2022 20:37:48] POST [200] /api/client-app/login-password - (195.149 ms)
::1 [23-10-2022 20:38:04] POST [200] /api/client-app/login-password - (198.917 ms)
::1 [23-10-2022 20:38:25] POST [200] /api/client-app/login-password - (185.801 ms)
::1 [23-10-2022 20:39:01] POST [200] /api/client-app/login-password - (166.366 ms)
::1 [23-10-2022 20:39:17] POST [200] /api/client-app/login-password - (170.404 ms)
::1 [23-10-2022 20:43:46] POST [200] /api/client-app/login-password - (155.226 ms)
::1 [23-10-2022 20:54:36] POST [200] /api/client-app/login-password - (179.601 ms)
::1 [23-10-2022 20:55:27] POST [200] /api/client-app/login-password - (921.291 ms)
::1 [23-10-2022 20:56:03] POST [200] /api/client-app/login-password - (645.426 ms)
::1 [23-10-2022 20:57:32] POST [200] /api/client-app/login-password - (877.882 ms)
::1 [23-10-2022 20:59:16] POST [200] /api/client-app/login-password - (163.452 ms)
::1 [23-10-2022 21:00:18] POST [200] /api/client-app/login-password - (183.585 ms)
::1 [23-10-2022 21:00:26] POST [200] /api/client-app/login-password - (198.166 ms)
::1 [23-10-2022 21:00:47] POST [200] /api/client-app/login-password - (163.526 ms)
::1 [23-10-2022 21:04:56] POST [200] /api/client-app/login-password - (223.684 ms)
::1 [23-10-2022 21:05:18] POST [200] /api/client-app/login-password - (189.022 ms)
::1 [23-10-2022 21:05:30] POST [200] /api/client-app/login-password - (653.384 ms)
::1 [23-10-2022 21:06:23] POST [200] /api/client-app/login-password - (704.689 ms)
::1 [23-10-2022 21:06:34] POST [200] /api/client-app/login-password - (683.038 ms)
::1 [23-10-2022 21:07:34] POST [200] /api/client-app/login-password - (207.493 ms)
::1 [23-10-2022 21:07:44] POST [200] /api/client-app/login-password - (668.013 ms)
::1 [23-10-2022 21:10:29] POST [200] /api/client-app/login-password - (212.801 ms)
::1 [23-10-2022 21:11:42] POST [200] /api/client-app/login-password - (245.408 ms)
::1 [23-10-2022 21:11:59] POST [200] /api/client-app/login-password - (900.988 ms)
::1 [23-10-2022 21:13:00] POST [200] /api/client-app/login-password - (163.120 ms)
::1 [23-10-2022 21:13:10] POST [200] /api/client-app/login-password - (623.864 ms)
::1 [25-10-2022 16:42:44] POST [200] /api/client-app/login-password - (183.074 ms)
::1 [25-10-2022 16:42:57] POST [200] /api/client-app/login-password - (160.809 ms)
::1 [25-10-2022 16:43:08] POST [200] /api/client-app/login-password - (619.585 ms)
::1 [25-10-2022 16:43:19] POST [403] /api/client-app/login-password - (54.949 ms)
::1 [25-10-2022 16:43:31] POST [200] /api/client-app/login-password - (962.746 ms)
::1 [25-10-2022 16:51:03] POST [200] /api/client-app/login-password - (204.093 ms)
::1 [25-10-2022 16:51:57] POST [200] /api/client-app/login-password - (260.726 ms)
::1 [25-10-2022 16:52:15] POST [200] /api/client-app/login-password - (181.808 ms)
::1 [25-10-2022 17:12:23] POST [200] /api/client-app/login-password - (203.348 ms)
::1 [25-10-2022 18:38:13] POST [200] /api/client-app/login-password - (164.872 ms)
::1 [25-10-2022 18:38:49] POST [200] /api/client-app/login-password - (271.296 ms)
::1 [25-10-2022 18:42:44] POST [200] /api/client-app/login-password - (234.868 ms)
::1 [25-10-2022 18:43:07] POST [200] /api/client-app/login-password - (248.417 ms)
::1 [25-10-2022 18:44:22] POST [200] /api/client-app/login-password - (186.591 ms)
::1 [25-10-2022 18:45:08] POST [200] /api/client-app/login-password - (214.278 ms)
::1 [25-10-2022 18:45:19] POST [200] /api/client-app/login-password - (190.197 ms)
::1 [25-10-2022 18:47:00] POST [200] /api/client-app/login-password - (162.415 ms)
::1 [25-10-2022 18:47:14] POST [200] /api/client-app/login-password - (187.498 ms)
::1 [25-10-2022 18:49:43] POST [200] /api/client-app/login-password - (179.383 ms)
::1 [25-10-2022 18:49:55] POST [200] /api/client-app/login-password - (185.874 ms)
::1 [25-10-2022 18:53:00] POST [200] /api/client-app/login-password - (162.118 ms)
::1 [25-10-2022 18:54:35] POST [200] /api/client-app/login-password - (225.873 ms)
::1 [25-10-2022 18:54:42] POST [200] /api/client-app/login-password - (198.448 ms)
::1 [25-10-2022 18:54:51] POST [200] /api/client-app/login-password - (166.750 ms)
::1 [25-10-2022 18:55:27] POST [200] /api/client-app/login-password - (177.638 ms)
::1 [25-10-2022 18:55:34] POST [200] /api/client-app/login-password - (163.510 ms)
::1 [25-10-2022 18:55:44] POST [200] /api/client-app/login-password - (187.925 ms)
::1 [25-10-2022 18:58:39] POST [200] /api/client-app/login-password - (195.690 ms)
::1 [25-10-2022 18:58:53] POST [200] /api/client-app/login-password - (163.869 ms)
::1 [25-10-2022 19:07:23] POST [200] /api/client-app/login-password - (420.979 ms)
::1 [25-10-2022 19:12:17] POST [200] /api/client-app/login-password - (181.073 ms)
::1 [25-10-2022 19:17:15] POST [200] /api/client-app/login-password - (186.221 ms)
::1 [25-10-2022 19:17:46] POST [200] /api/client-app/login-password - (187.723 ms)
::1 [25-10-2022 19:17:56] POST [200] /api/client-app/login-password - (281.613 ms)
::1 [25-10-2022 19:19:47] POST [200] /api/client-app/login-password - (159.099 ms)
::1 [25-10-2022 19:23:37] POST [200] /api/client-app/login-password - (299.596 ms)
::1 [25-10-2022 19:26:00] POST [200] /api/client-app/login-password - (182.037 ms)
::1 [25-10-2022 19:28:37] POST [200] /api/client-app/login-password - (468.834 ms)
::1 [25-10-2022 19:31:29] POST [200] /api/client-app/login-password - (990.801 ms)
::1 [25-10-2022 19:34:41] POST [200] /api/client-app/login-password - (168.322 ms)
::1 [25-10-2022 19:35:45] POST [200] /api/client-app/login-password - (161.393 ms)
::1 [25-10-2022 19:37:37] POST [200] /api/client-app/login-password - (267.223 ms)
::1 [25-10-2022 19:39:52] POST [200] /api/client-app/login-password - (163.173 ms)
::1 [25-10-2022 20:09:12] POST [200] /api/client-app/login-password - (184.629 ms)
::1 [25-10-2022 20:12:51] POST [200] /api/client-app/login-password - (172.568 ms)
::1 [25-10-2022 20:28:41] POST [200] /api/client-app/login-password - (186.987 ms)
::1 [25-10-2022 21:14:53] POST [200] /api/client-app/login-password - (169.456 ms)
::1 [26-10-2022 16:51:32] POST [200] /api/client-app/login-password - (204.955 ms)
::1 [26-10-2022 21:41:17] POST [403] /api/client-app/login-password - (28.711 ms)
::1 [26-10-2022 21:41:24] POST [403] /api/client-app/login-password - (157.431 ms)
::1 [26-10-2022 21:42:10] POST [403] /api/client-app/login-password - (29.522 ms)
::1 [26-10-2022 21:42:14] POST [403] /api/client-app/login-password - (35.458 ms)
::1 [26-10-2022 21:42:14] POST [403] /api/client-app/login-password - (29.024 ms)
::1 [26-10-2022 21:42:15] POST [403] /api/client-app/login-password - (28.631 ms)
::1 [26-10-2022 21:42:16] POST [403] /api/client-app/login-password - (27.697 ms)
::1 [26-10-2022 21:42:25] POST [403] /api/client-app/login-password - (152.728 ms)
::1 [26-10-2022 21:42:30] POST [403] /api/client-app/login-password - (190.863 ms)
::1 [26-10-2022 21:42:34] POST [403] /api/client-app/login-password - (150.895 ms)
::1 [26-10-2022 21:42:44] POST [200] /api/client-app/login-password - (170.126 ms)
::1 [26-10-2022 21:47:15] POST [403] /api/client-app/login-password - (32.659 ms)
::1 [26-10-2022 21:47:23] POST [403] /api/client-app/login-password - (181.409 ms)
::1 [26-10-2022 21:47:29] POST [200] /api/client-app/login-password - (152.869 ms)
::1 [26-10-2022 21:48:09] POST [200] /api/client-app/login-password - (162.565 ms)
::1 [26-10-2022 21:53:03] POST [200] /api/client-app/login-password - (201.839 ms)
::1 [29-10-2022 11:58:59] POST [200] /api/client-app/login-password - (761.226 ms)
::1 [29-10-2022 14:51:54] POST [200] /api/client-app/login-password - (153.933 ms)
::1 [29-10-2022 15:11:25] POST [200] /api/client-app/login-password - (233.813 ms)
::1 [29-10-2022 15:13:52] POST [200] /api/client-app/login-password - (161.082 ms)
::1 [29-10-2022 15:29:04] POST [403] /api/client-app/login-password - (47.149 ms)
::1 [29-10-2022 15:29:05] POST [403] /api/client-app/login-password - (56.745 ms)
::1 [29-10-2022 15:29:08] POST [403] /api/client-app/login-password - (32.343 ms)
::1 [29-10-2022 15:29:10] POST [403] /api/client-app/login-password - (52.217 ms)
::1 [29-10-2022 15:29:28] POST [403] /api/client-app/login-password - (27.116 ms)
::1 [29-10-2022 15:29:30] POST [403] /api/client-app/login-password - (32.083 ms)
::1 [29-10-2022 15:29:54] POST [403] /api/client-app/login-password - (29.269 ms)
::1 [29-10-2022 15:29:54] POST [403] /api/client-app/login-password - (32.946 ms)
::1 [29-10-2022 15:29:56] POST [403] /api/client-app/login-password - (39.457 ms)
::1 [29-10-2022 15:34:34] POST [403] /api/client-app/login-password - (26.532 ms)
::1 [29-10-2022 15:34:35] POST [403] /api/client-app/login-password - (31.900 ms)
::1 [29-10-2022 15:34:36] POST [403] /api/client-app/login-password - (69.688 ms)
::1 [29-10-2022 15:34:38] POST [403] /api/client-app/login-password - (27.577 ms)
::1 [29-10-2022 15:34:42] POST [403] /api/client-app/login-password - (27.482 ms)
::1 [29-10-2022 15:34:44] POST [403] /api/client-app/login-password - (27.296 ms)
::1 [29-10-2022 15:34:50] POST [403] /api/client-app/login-password - (235.737 ms)
::1 [29-10-2022 15:34:56] POST [403] /api/client-app/login-password - (187.083 ms)
::1 [29-10-2022 15:34:57] POST [403] /api/client-app/login-password - (34.112 ms)
::1 [29-10-2022 15:35:04] POST [200] /api/client-app/login-password - (190.691 ms)
::1 [29-10-2022 15:45:36] POST [200] /api/client-app/login-password - (159.400 ms)
::1 [29-10-2022 15:45:52] POST [200] /api/client-app/login-password - (242.005 ms)
::1 [29-10-2022 17:28:18] POST [403] /api/client-app/login-password - (33.856 ms)
::1 [29-10-2022 17:29:10] POST [200] /api/client-app/login-password - (159.094 ms)
::1 [29-10-2022 18:23:21] POST [200] /api/client-app/login-password - (312.574 ms)
::1 [03-11-2022 19:43:32] POST [200] /api/client-app/login-password - (532.129 ms)
::1 [03-11-2022 19:47:33] POST [200] /api/client-app/login-password - (352.535 ms)
::1 [03-11-2022 19:56:53] POST [200] /api/client-app/login-password - (173.000 ms)
::1 [03-11-2022 20:01:35] POST [200] /api/client-app/login-password - (1435.666 ms)
::1 [03-11-2022 20:02:21] POST [200] /api/client-app/login-password - (255.275 ms)
::1 [03-11-2022 20:02:38] POST [200] /api/client-app/login-password - (278.162 ms)
::1 [03-11-2022 20:03:27] POST [200] /api/client-app/login-password - (227.356 ms)
::1 [03-11-2022 20:05:24] POST [200] /api/client-app/login-password - (1802.820 ms)
::1 [03-11-2022 20:05:31] POST [200] /api/client-app/login-password - (427.169 ms)
::1 [03-11-2022 20:06:42] POST [200] /api/client-app/login-password - (281.679 ms)
::1 [03-11-2022 20:07:03] POST [200] /api/client-app/login-password - (1450.986 ms)
::1 [03-11-2022 20:07:16] POST [403] /api/client-app/login-password - (198.807 ms)
::1 [03-11-2022 20:07:26] POST [200] /api/client-app/login-password - (1681.405 ms)
::1 [03-11-2022 20:09:56] POST [200] /api/client-app/login-password - (297.241 ms)
::1 [03-11-2022 20:11:03] POST [200] /api/client-app/login-password - (562.912 ms)
::1 [03-11-2022 20:12:08] POST [200] /api/client-app/login-password - (279.004 ms)
::1 [03-11-2022 20:12:48] POST [200] /api/client-app/login-password - (425.950 ms)
::1 [03-11-2022 20:14:08] POST [200] /api/client-app/login-password - (183.142 ms)
::1 [03-11-2022 20:14:36] POST [200] /api/client-app/login-password - (1294.931 ms)
::1 [03-11-2022 20:35:03] POST [200] /api/client-app/login-password - (297.717 ms)
::1 [03-11-2022 20:35:41] POST [200] /api/client-app/login-password - (342.177 ms)
::1 [03-11-2022 20:39:25] POST [403] /api/client-app/login-password - (80.373 ms)
::1 [03-11-2022 20:39:32] POST [200] /api/client-app/login-password - (1831.049 ms)
::1 [05-11-2022 10:57:26] POST [200] /api/client-app/login-password - (202.184 ms)
::1 [05-11-2022 11:40:46] POST [200] /api/client-app/login-password - (856.754 ms)
::1 [05-11-2022 14:41:10] POST [200] /api/client-app/login-password - (287.222 ms)
::1 [05-11-2022 17:47:07] POST [200] /api/client-app/login-password - (969.877 ms)
::1 [05-11-2022 21:51:42] POST [200] /api/client-app/login-password - (752.902 ms)
::1 [06-11-2022 11:37:13] POST [200] /api/client-app/login-password - (690.156 ms)
::1 [06-11-2022 15:42:53] POST [200] /api/client-app/login-password - (867.910 ms)
::1 [08-11-2022 09:44:40] POST [200] /api/client-app/login-password - (296.425 ms)
::1 [08-11-2022 09:54:04] POST [200] /api/client-app/login-password - (381.378 ms)
::1 [08-11-2022 09:57:33] POST [200] /api/client-app/login-password - (192.928 ms)
::1 [08-11-2022 09:57:46] POST [200] /api/client-app/login-password - (549.063 ms)
::1 [08-11-2022 10:01:07] POST [200] /api/client-app/login-password - (377.565 ms)
::1 [09-11-2022 17:19:50] POST [200] /api/client-app/login-password - (217.075 ms)
::1 [09-11-2022 17:34:13] POST [200] /api/client-app/login-password - (175.953 ms)
::1 [09-11-2022 17:35:56] POST [200] /api/client-app/login-password - (5028.762 ms)
::1 [09-11-2022 17:39:53] POST [200] /api/client-app/login-password - (221.709 ms)
::1 [09-11-2022 17:40:03] POST [200] /api/client-app/login-password - (872.100 ms)
::1 [09-11-2022 18:03:38] POST [200] /api/client-app/login-password - (208.073 ms)
::1 [09-11-2022 18:05:09] POST [200] /api/client-app/login-password - (180.216 ms)
::1 [09-11-2022 18:47:05] POST [200] /api/client-app/login-password - (156.647 ms)
::1 [09-11-2022 18:48:12] POST [200] /api/client-app/login-password - (159.369 ms)
::1 [09-11-2022 18:48:46] POST [200] /api/client-app/login-password - (216.397 ms)
::1 [09-11-2022 18:49:15] POST [200] /api/client-app/login-password - (173.418 ms)
::1 [09-11-2022 18:50:06] POST [200] /api/client-app/login-password - (167.611 ms)
::1 [09-11-2022 18:51:54] POST [200] /api/client-app/login-password - (155.385 ms)
::1 [09-11-2022 18:59:50] POST [200] /api/client-app/login-password - (168.385 ms)
::1 [09-11-2022 19:02:15] POST [200] /api/client-app/login-password - (270.132 ms)
::1 [09-11-2022 19:13:04] POST [403] /api/client-app/login-password - (198.959 ms)
::1 [09-11-2022 19:13:07] POST [200] /api/client-app/login-password - (187.848 ms)
::1 [09-11-2022 19:13:19] POST [403] /api/client-app/login-password - (85.830 ms)
::1 [09-11-2022 19:13:29] POST [200] /api/client-app/login-password - (601.960 ms)
::1 [09-11-2022 19:13:41] POST [200] /api/client-app/login-password - (644.160 ms)
::1 [09-11-2022 19:54:21] POST [200] /api/client-app/login-password - (192.862 ms)
::1 [09-11-2022 19:55:42] POST [200] /api/client-app/login-password - (175.578 ms)
::1 [09-11-2022 19:56:04] POST [200] /api/client-app/login-password - (191.002 ms)
::1 [09-11-2022 19:56:55] POST [200] /api/client-app/login-password - (184.419 ms)
::1 [09-11-2022 19:58:23] POST [200] /api/client-app/login-password - (157.376 ms)
::1 [09-11-2022 20:41:58] POST [200] /api/client-app/login-password - (167.031 ms)
::1 [12-11-2022 12:42:39] POST [200] /api/client-app/login-password - (223.617 ms)
::1 [12-11-2022 12:42:50] POST [200] /api/client-app/login-password - (631.136 ms)
::1 [12-11-2022 18:43:44] POST [200] /api/client-app/login-password - (665.559 ms)
::1 [13-11-2022 10:42:59] POST [200] /api/client-app/login-password - (676.610 ms)
::1 [13-11-2022 16:43:33] POST [200] /api/client-app/login-password - (764.572 ms)
::1 [15-11-2022 21:49:41] POST [200] /api/client-app/login-password - (186.234 ms)
