::1 [09-06-2022 19:01:37] GET [200] /files/ - (16.001 ms)
::1 [09-06-2022 19:02:41] GET [301] /files - (1.334 ms)
::1 [09-06-2022 19:02:41] GET [200] /files/ - (20.906 ms)
::1 [09-06-2022 19:02:43] GET [200] /files/temp.txt - (0.957 ms)
::1 [09-06-2022 19:02:44] GET [200] /files/temp.txt - (2.075 ms)
::1 [02-07-2022 17:27:32] GET [301] /files - (0.687 ms)
::1 [02-07-2022 17:27:32] GET [200] /files/ - (5.909 ms)
::1 [02-07-2022 17:27:34] GET [200] /files/temp.txt - (1.232 ms)
::1 [02-07-2022 17:27:38] GET [301] /files - (0.266 ms)
::1 [02-07-2022 17:27:38] GET [200] /files/ - (1.955 ms)
::1 [02-07-2022 17:27:39] GET [200] /files/temp.txt - (0.669 ms)
::1 [02-07-2022 17:27:58] GET [404] /files/asd - (1.318 ms)
::1 [02-07-2022 17:29:59] GET [302] /files/asd - (2.633 ms)
::1 [02-07-2022 17:30:12] GET [200] /files/ - (4.815 ms)
::1 [02-07-2022 17:30:14] GET [302] /files/asd - (1.137 ms)
::1 [02-07-2022 17:30:14] GET [301] /files - (0.649 ms)
::1 [02-07-2022 17:30:14] GET [200] /files/ - (1.223 ms)
::1 [02-07-2022 17:30:16] GET [200] /files/temp.txt - (0.708 ms)
::1 [02-07-2022 17:30:19] GET [302] /files/qwe - (0.703 ms)
::1 [02-07-2022 17:30:19] GET [301] /files - (0.295 ms)
::1 [02-07-2022 17:30:19] GET [200] /files/ - (1.335 ms)
::1 [02-07-2022 17:31:30] GET [200] /files/ - (4.771 ms)
::1 [02-07-2022 17:32:31] GET [-] /files/asdfg - (- ms)
::1 [02-07-2022 17:32:31] GET [200] /files/temp.txt - (0.892 ms)
::1 [02-07-2022 17:34:10] GET [200] /files/ - (7.777 ms)
::1 [02-07-2022 17:34:13] GET [302] /files/qweqwe - (1.140 ms)
::1 [02-07-2022 17:34:13] GET [301] /files - (0.753 ms)
::1 [02-07-2022 17:34:13] GET [200] /files/ - (1.112 ms)
::1 [02-07-2022 17:37:14] GET [302] /files/qqq - (1.650 ms)
::1 [02-07-2022 17:37:14] GET [301] /files - (0.609 ms)
::1 [02-07-2022 17:37:14] GET [200] /files/ - (2.813 ms)
::1 [02-07-2022 17:37:57] GET [302] /files/www - (2.353 ms)
::1 [02-07-2022 17:37:57] GET [200] /files/ - (4.091 ms)
::1 [02-07-2022 17:38:21] GET [302] /files/rrr - (2.213 ms)
::1 [02-07-2022 17:38:21] GET [200] /files/ - (3.137 ms)
::1 [02-07-2022 17:39:34] GET [302] /files/aaa - (2.513 ms)
::1 [02-07-2022 17:39:34] GET [200] /files/ - (6.439 ms)
::1 [02-07-2022 17:39:53] GET [302] /files/bbb - (1.269 ms)
::1 [02-07-2022 17:39:53] GET [200] /files/ - (1.479 ms)
::1 [02-07-2022 17:41:07] GET [200] /files/ - (1.503 ms)
