::1 [13-10-2021 19:02:04] GET [304] /favicon.ico - (0.848 ms)
::1 [13-10-2021 19:02:19] GET [200] /asd - (2.231 ms)
::1 [13-10-2021 19:02:19] GET [304] /favicon.ico - (0.491 ms)
::1 [13-10-2021 19:02:48] GET [304] /favicon.ico - (0.459 ms)
::1 [13-10-2021 19:03:17] GET [304] /favicon.ico - (0.279 ms)
::1 [13-10-2021 19:03:57] GET [304] /favicon.ico - (0.295 ms)
::1 [13-10-2021 19:04:09] GET [304] /favicon.ico - (0.288 ms)
::1 [13-10-2021 19:04:18] GET [304] /favicon.ico - (0.311 ms)
::1 [13-10-2021 19:04:24] GET [304] /favicon.ico - (0.271 ms)
::1 [13-10-2021 19:04:32] GET [304] /favicon.ico - (0.294 ms)
::1 [13-10-2021 19:04:33] GET [304] /favicon.ico - (0.280 ms)
::1 [13-10-2021 19:04:38] GET [304] /favicon.ico - (0.275 ms)
::1 [13-10-2021 19:04:40] GET [304] /favicon.ico - (0.334 ms)
::1 [13-10-2021 19:04:41] GET [304] /favicon.ico - (0.274 ms)
::1 [13-10-2021 19:11:36] GET [304] /favicon.ico - (1.100 ms)
::1 [13-10-2021 19:13:10] GET [200] /favicon.ico - (2.340 ms)
::1 [14-10-2021 01:13:37] GET [200] /favicon.ico - (1.753 ms)
::1 [14-10-2021 01:13:39] GET [304] /favicon.ico - (0.714 ms)
::1 [13-10-2021 19:28:49] GET [304] /favicon.ico - (0.973 ms)
::1 [13-10-2021 19:29:10] GET [200] /favicon.ico - (1.996 ms)
::1 [13-10-2021 19:29:17] GET [304] /favicon.ico - (0.574 ms)
::1 [13-10-2021 19:29:22] GET [304] /favicon.ico - (0.444 ms)
::1 [15-10-2021 19:27:40] GET [304] /favicon.ico - (1.270 ms)
::1 [15-10-2021 19:50:51] GET [304] /favicon.ico - (1.160 ms)
::1 [15-10-2021 19:50:56] GET [304] /favicon.ico - (0.389 ms)
::1 [15-10-2021 19:50:57] GET [304] /favicon.ico - (0.267 ms)
::1 [15-10-2021 19:50:58] GET [304] /favicon.ico - (0.539 ms)
::1 [15-10-2021 19:51:03] GET [304] /favicon.ico - (0.277 ms)
::1 [15-10-2021 19:51:06] GET [304] /favicon.ico - (0.282 ms)
::1 [15-10-2021 19:51:12] GET [200] /favicon.ico - (1.717 ms)
::1 [15-10-2021 19:51:16] GET [200] /files/documentation/test.txt - (0.739 ms)
::1 [15-10-2021 19:51:16] GET [304] /favicon.ico - (0.593 ms)
::1 [15-10-2021 19:51:21] GET [304] /favicon.ico - (0.363 ms)
::1 [15-10-2021 19:51:49] POST [200] /api/auth/local/asd - (0.726 ms)
::1 [15-10-2021 19:52:34] POST [200] /api/auth/local/asd - (2.575 ms)
::1 [15-10-2021 19:57:05] POST [500] /api/auth/local/qwe - (1.453 ms)
::1 [15-10-2021 19:57:18] GET [500] /favicon.ico - (0.829 ms)
::1 [15-10-2021 19:57:20] GET [500] /favicon.ico - (0.358 ms)
::1 [15-10-2021 19:57:22] GET [500] /favicon.ico - (0.402 ms)
::1 [15-10-2021 19:57:30] GET [500] /favicon.ico - (0.416 ms)
::1 [15-10-2021 19:57:32] GET [500] /favicon.ico - (0.430 ms)
::1 [15-10-2021 19:57:33] GET [500] /favicon.ico - (0.451 ms)
::1 [15-10-2021 19:57:35] GET [500] /favicon.ico - (0.364 ms)
::1 [15-10-2021 19:58:02] GET [500] /favicon.ico - (1.905 ms)
::1 [15-10-2021 19:58:16] GET [500] /favicon.ico - (1.951 ms)
::1 [15-10-2021 19:58:18] GET [500] /favicon.ico - (0.385 ms)
::1 [15-10-2021 19:58:20] GET [500] /favicon.ico - (0.347 ms)
::1 [15-10-2021 19:58:21] GET [500] /favicon.ico - (0.393 ms)
::1 [15-10-2021 19:58:28] GET [500] /files/documentation/readme.txt/readme.txt/readme.txt/ - (1.920 ms)
::1 [15-10-2021 19:58:28] GET [500] /favicon.ico - (0.489 ms)
::1 [15-10-2021 19:58:30] GET [500] /favicon.ico - (0.366 ms)
::1 [15-10-2021 19:58:31] GET [500] /favicon.ico - (0.370 ms)
::1 [15-10-2021 19:58:32] GET [500] /favicon.ico - (0.422 ms)
::1 [15-10-2021 19:58:32] GET [500] /files/documentation/documentation - (0.426 ms)
::1 [15-10-2021 19:58:32] GET [500] /favicon.ico - (0.351 ms)
::1 [15-10-2021 19:58:34] GET [500] /favicon.ico - (0.429 ms)
::1 [15-10-2021 19:58:44] GET [500] /favicon.ico - (1.607 ms)
::1 [15-10-2021 19:59:14] GET [500] /favicon.ico - (1.869 ms)
::1 [15-10-2021 19:59:16] GET [500] /favicon.ico - (0.492 ms)
::1 [15-10-2021 19:59:17] GET [500] /favicon.ico - (0.329 ms)
::1 [15-10-2021 19:59:20] GET [500] /favicon.ico - (0.382 ms)
::1 [15-10-2021 19:59:21] GET [500] /favicon.ico - (0.360 ms)
::1 [15-10-2021 19:59:21] GET [500] /favicon.ico - (0.519 ms)
::1 [15-10-2021 20:00:02] GET [200] /favicon.ico - (1.935 ms)
::1 [15-10-2021 20:00:04] GET [304] /favicon.ico - (0.460 ms)
::1 [15-10-2021 20:00:05] GET [304] /favicon.ico - (0.304 ms)
::1 [15-10-2021 20:00:08] GET [304] /favicon.ico - (0.292 ms)
::1 [15-10-2021 20:00:10] GET [304] /favicon.ico - (0.362 ms)
::1 [15-10-2021 20:01:00] GET [304] /favicon.ico - (0.374 ms)
::1 [15-10-2021 20:01:07] GET [304] /favicon.ico - (0.268 ms)
::1 [15-10-2021 20:01:10] GET [304] /favicon.ico - (0.426 ms)
::1 [24-10-2021 18:00:40] GET [200] /favicon.ico - (1.957 ms)
::1 [26-10-2021 18:40:48] GET [200] /favicon.ico - (1.800 ms)
::1 [26-10-2021 18:40:53] GET [304] /favicon.ico - (0.615 ms)
::1 [26-10-2021 18:42:00] GET [304] /favicon.ico - (0.581 ms)
::1 [26-10-2021 18:45:23] GET [304] /favicon.ico - (0.410 ms)
::1 [28-10-2021 20:59:56] GET [200] /favicon.ico - (1.036 ms)
::1 [28-10-2021 21:00:02] GET [200] /api/setting/61782eecd6f92d0ecfd981f2 - (0.604 ms)
::1 [28-10-2021 21:03:10] GET [304] /favicon.ico - (0.698 ms)
::1 [28-10-2021 21:03:13] GET [200] /api - (1.377 ms)
::1 [28-10-2021 21:03:13] GET [304] /favicon.ico - (0.271 ms)
::1 [28-10-2021 21:03:16] GET [200] /api/v1 - (2.353 ms)
::1 [28-10-2021 21:03:16] GET [304] /favicon.ico - (0.256 ms)
::1 [28-10-2021 21:03:50] GET [304] /favicon.ico - (0.253 ms)
::1 [28-10-2021 21:03:53] GET [200] /api/ - (0.511 ms)
::1 [28-10-2021 21:03:53] GET [304] /favicon.ico - (0.304 ms)
::1 [28-10-2021 21:06:55] GET [200] /favicon.ico - (0.862 ms)
::1 [28-10-2021 21:08:00] GET [200] /api/ - (1.284 ms)
::1 [28-10-2021 23:26:03] GET [200] /favicon.ico - (0.876 ms)
::1 [28-10-2021 23:26:09] GET [200] /favicon.ico - (0.522 ms)
::1 [28-10-2021 23:26:50] GET [304] /favicon.ico - (0.584 ms)
::1 [28-10-2021 23:26:56] GET [200] /api - (1.049 ms)
::1 [28-10-2021 23:26:56] GET [304] /favicon.ico - (0.284 ms)
::1 [28-10-2021 23:26:59] GET [304] /api - (0.404 ms)
::1 [28-10-2021 23:26:59] GET [304] /favicon.ico - (0.278 ms)
::1 [30-10-2021 13:08:36] GET [200] /favicon.ico - (0.829 ms)
::1 [30-10-2021 13:08:39] GET [304] /favicon.ico - (0.633 ms)
::1 [30-10-2021 13:08:47] GET [304] /favicon.ico - (1.099 ms)
::1 [30-10-2021 13:10:31] GET [304] /favicon.ico - (1.407 ms)
::1 [30-10-2021 13:11:13] GET [304] /favicon.ico - (2.454 ms)
::1 [30-10-2021 13:11:53] GET [304] /favicon.ico - (1.367 ms)
::1 [30-10-2021 13:12:11] GET [304] /favicon.ico - (1.391 ms)
::1 [30-10-2021 13:12:27] GET [304] /favicon.ico - (1.743 ms)
::1 [30-10-2021 13:12:56] GET [304] /favicon.ico - (1.486 ms)
::1 [30-10-2021 13:14:16] GET [304] /favicon.ico - (0.422 ms)
::1 [30-10-2021 13:15:00] GET [304] /favicon.ico - (1.376 ms)
::1 [30-10-2021 13:15:05] GET [304] /favicon.ico - (0.390 ms)
::1 [30-10-2021 13:15:46] GET [304] /favicon.ico - (1.321 ms)
::1 [30-10-2021 13:15:49] GET [304] /favicon.ico - (0.383 ms)
::1 [30-10-2021 13:16:28] GET [304] /favicon.ico - (1.419 ms)
::1 [30-10-2021 13:16:35] GET [304] /favicon.ico - (0.489 ms)
::1 [30-10-2021 13:16:38] GET [304] /favicon.ico - (0.260 ms)
::1 [19-02-2022 16:40:09] GET [200] /favicon.ico - (1.355 ms)
::1 [19-02-2022 16:40:20] GET [200] /favicon.ico - (0.611 ms)
::1 [19-02-2022 16:40:23] GET [200] /api - (0.569 ms)
::1 [19-02-2022 16:40:23] GET [304] /favicon.ico - (0.664 ms)
::1 [19-02-2022 16:40:29] GET [304] /favicon.ico - (0.411 ms)
::1 [19-02-2022 16:41:06] GET [304] /favicon.ico - (0.325 ms)
::1 [19-02-2022 16:41:08] GET [304] /favicon.ico - (0.385 ms)
::1 [19-02-2022 16:41:09] GET [304] /favicon.ico - (0.317 ms)
::1 [19-02-2022 16:41:10] GET [304] /favicon.ico - (0.502 ms)
::1 [19-02-2022 16:41:12] GET [304] /favicon.ico - (0.358 ms)
::1 [19-02-2022 16:41:15] GET [304] /favicon.ico - (0.261 ms)
::1 [19-02-2022 16:41:16] GET [304] /favicon.ico - (0.385 ms)
::1 [19-02-2022 16:41:17] GET [304] /favicon.ico - (0.285 ms)
::1 [19-02-2022 16:41:18] GET [304] /favicon.ico - (0.280 ms)
::1 [19-02-2022 16:41:19] GET [304] /favicon.ico - (0.281 ms)
::1 [19-02-2022 16:41:20] GET [304] /favicon.ico - (0.418 ms)
::1 [19-02-2022 16:41:21] GET [304] /favicon.ico - (0.279 ms)
::1 [19-02-2022 16:41:22] GET [304] /favicon.ico - (0.375 ms)
::1 [19-02-2022 16:41:24] GET [304] /favicon.ico - (0.294 ms)
