::1 [13-10-2021 19:02:48] GET [304] /api - (2.029 ms)
::1 [13-10-2021 19:03:17] GET [200] /api/v1 - (0.455 ms)
::1 [13-10-2021 19:28:49] GET [304] /api - (2.060 ms)
::1 [13-10-2021 19:29:10] GET [200] /api - (2.627 ms)
::1 [13-10-2021 19:29:17] GET [404] /api/v1 - (0.410 ms)
::1 [13-10-2021 19:29:22] GET [404] /api/auth - (0.362 ms)
::1 [15-10-2021 19:27:33] GET [200] /api - (1.782 ms)
::1 [15-10-2021 19:27:39] GET [404] /api/auth/local - (0.737 ms)
::1 [15-10-2021 19:28:54] POST [200] /api/auth/local - (0.887 ms)
::1 [15-10-2021 19:29:10] POST [200] /api/auth/local - (2.449 ms)
::1 [15-10-2021 19:29:37] POST [200] /api/auth/local - (1.098 ms)
::1 [15-10-2021 19:33:22] POST [200] /api/auth/local - (1.791 ms)
::1 [15-10-2021 19:33:28] POST [200] /api/auth/local - (0.426 ms)
::1 [15-10-2021 19:35:18] POST [200] /api/auth/local - (0.892 ms)
::1 [15-10-2021 19:35:38] POST [200] /api/auth/local - (0.646 ms)
::1 [15-10-2021 19:35:53] POST [200] /api/auth/local - (1.140 ms)
::1 [15-10-2021 19:37:23] POST [200] /api/auth/local - (2.767 ms)
::1 [15-10-2021 19:37:35] POST [500] /api/auth/local - (1.302 ms)
::1 [15-10-2021 19:39:42] POST [200] /api/auth/local - (2.227 ms)
::1 [15-10-2021 19:39:45] POST [400] /api/auth/local - (0.671 ms)
::1 [15-10-2021 19:40:10] POST [400] /api/auth/local - (2.483 ms)
::1 [15-10-2021 19:42:13] POST [200] /api/auth/local - (2.227 ms)
::1 [15-10-2021 19:42:16] POST [200] /api/auth/local - (1.262 ms)
::1 [15-10-2021 19:42:31] POST [500] /api/auth/local - (2.422 ms)
::1 [15-10-2021 19:42:41] POST [500] /api/auth/local - (0.913 ms)
::1 [15-10-2021 19:42:44] POST [200] /api/auth/local - (1.160 ms)
::ffff:192.168.0.10 [15-10-2021 19:43:59] POST [200] /api/auth/local - (1.073 ms)
::1 [15-10-2021 19:44:10] POST [200] /api/auth/local - (0.785 ms)
::1 [15-10-2021 19:44:20] POST [200] /api/auth/local - (0.636 ms)
::1 [15-10-2021 19:44:44] POST [200] /api/auth/local - (1.190 ms)
::1 [15-10-2021 19:44:49] POST [200] /api/auth/local - (0.292 ms)
::1 [15-10-2021 19:44:58] POST [200] /api/auth/local - (0.127 ms)
::1 [15-10-2021 19:45:28] POST [500] /api/auth/local - (2.219 ms)
::1 [15-10-2021 19:45:58] POST [500] /api/auth/local - (0.656 ms)
::1 [15-10-2021 19:45:59] POST [500] /api/auth/local - (1.065 ms)
::1 [15-10-2021 19:46:06] POST [200] /api/auth/local - (0.600 ms)
::1 [15-10-2021 19:46:12] POST [200] /api/auth/local - (1.033 ms)
::1 [15-10-2021 19:46:21] POST [200] /api/auth/local - (1.333 ms)
::1 [15-10-2021 19:46:23] POST [200] /api/auth/local - (0.566 ms)
::1 [15-10-2021 19:46:24] POST [200] /api/auth/local - (0.738 ms)
::1 [15-10-2021 19:46:28] POST [200] /api/auth/local - (1.198 ms)
::1 [15-10-2021 19:46:29] POST [200] /api/auth/local - (0.751 ms)
::1 [15-10-2021 19:46:32] POST [500] /api/auth/local - (1.529 ms)
::1 [15-10-2021 19:46:33] POST [500] /api/auth/local - (0.665 ms)
::1 [15-10-2021 19:46:35] POST [200] /api/auth/local - (0.643 ms)
::1 [15-10-2021 19:46:36] POST [200] /api/auth/local - (0.643 ms)
::1 [15-10-2021 19:47:17] POST [200] /api/auth/local - (1.235 ms)
::1 [15-10-2021 19:47:22] POST [500] /api/auth/local - (1.580 ms)
::1 [15-10-2021 19:47:26] POST [200] /api/auth/local - (0.587 ms)
::1 [15-10-2021 19:50:28] POST [200] /api/auth/local - (1.307 ms)
::1 [15-10-2021 19:50:31] POST [500] /api/auth/local - (1.801 ms)
::1 [15-10-2021 19:50:36] POST [200] /api/auth/local - (0.748 ms)
::1 [15-10-2021 19:51:43] POST [200] /api/auth/local - (1.408 ms)
::1 [15-10-2021 19:51:49] POST [200] /api/auth/local/asd - (0.726 ms)
::1 [15-10-2021 19:52:34] POST [200] /api/auth/local/asd - (2.575 ms)
::1 [15-10-2021 19:52:38] POST [500] /api/auth/local/asd - (1.825 ms)
::1 [15-10-2021 19:53:10] POST [404] /api/auth/local/asd - (2.037 ms)
::1 [15-10-2021 19:53:16] POST [200] /api/auth/local - (0.854 ms)
::1 [15-10-2021 19:53:20] POST [500] /api/auth/local - (1.772 ms)
::1 [15-10-2021 19:53:24] POST [200] /api/auth/local - (2.639 ms)
::1 [15-10-2021 19:56:00] POST [200] /api/auth/local - (1.494 ms)
::1 [15-10-2021 19:56:04] POST [500] /api/auth/local/qwe - (4.480 ms)
::1 [15-10-2021 19:56:27] POST [500] /api/auth/local/qwe - (2.124 ms)
::1 [15-10-2021 19:57:05] POST [500] /api/auth/local/qwe - (1.453 ms)
::1 [15-10-2021 19:57:09] POST [200] /api/auth/local - (0.828 ms)
::1 [15-10-2021 19:57:12] POST [500] /api/auth/local - (1.108 ms)
::1 [15-10-2021 19:57:15] POST [200] /api/auth/local - (0.634 ms)
::1 [15-10-2021 20:00:59] GET [304] /api - (0.668 ms)
::1 [15-10-2021 20:01:06] GET [500] /api/v1 - (0.749 ms)
::1 [15-10-2021 20:02:07] POST [200] /api/auth/local - (1.308 ms)
::1 [15-10-2021 20:02:18] POST [500] /api/auth/local - (2.288 ms)
::1 [15-10-2021 20:02:21] POST [200] /api/auth/local - (0.553 ms)
::1 [15-10-2021 20:03:44] POST [200] /api/auth/local - (43.932 ms)
::1 [15-10-2021 20:03:54] POST [200] /api/auth/local - (2.347 ms)
::1 [15-10-2021 20:04:13] POST [200] /api/auth/local - (1.435 ms)
::1 [15-10-2021 20:05:22] POST [200] /api/auth/local - (5.051 ms)
::1 [15-10-2021 20:05:52] POST [200] /api/auth/local - (2.612 ms)
::1 [15-10-2021 20:06:02] POST [200] /api/auth/local - (4.869 ms)
::1 [15-10-2021 20:06:41] POST [200] /api/auth/local - (5.482 ms)
::1 [15-10-2021 20:07:22] POST [200] /api/auth/local - (5.708 ms)
::1 [24-10-2021 17:41:01] POST [200] /api/auth/local - (1.709 ms)
::1 [24-10-2021 17:41:06] POST [400] /api/auth/local - (4.196 ms)
::1 [24-10-2021 17:42:17] POST [500] /api/auth/local - (2.396 ms)
::1 [24-10-2021 17:42:21] POST [200] /api/auth/local - (0.734 ms)
::1 [24-10-2021 17:42:38] POST [200] /api/auth/local - (1.129 ms)
::1 [24-10-2021 17:42:41] POST [500] /api/auth/local - (3.592 ms)
::1 [24-10-2021 17:42:59] POST [200] /api/auth/local - (0.489 ms)
::1 [24-10-2021 17:43:13] POST [200] /api/auth/local - (0.503 ms)
::1 [24-10-2021 17:43:22] POST [200] /api/auth/local - (1.139 ms)
::1 [24-10-2021 17:43:26] POST [400] /api/auth/local - (3.987 ms)
::1 [24-10-2021 17:46:03] POST [500] /api/auth/local - (4.122 ms)
::1 [24-10-2021 17:46:32] POST [500] /api/auth/local - (4.412 ms)
::1 [24-10-2021 17:46:52] POST [500] /api/auth/local - (3.988 ms)
::1 [24-10-2021 17:47:16] POST [500] /api/auth/local - (4.034 ms)
::1 [24-10-2021 17:47:32] POST [500] /api/auth/local - (4.773 ms)
::1 [24-10-2021 17:47:37] POST [500] /api/auth/local - (2.164 ms)
::1 [24-10-2021 17:48:46] POST [200] /api/auth/local - (1.872 ms)
::1 [24-10-2021 17:48:51] POST [500] /api/auth/local - (4.493 ms)
::1 [24-10-2021 17:48:57] POST [500] /api/auth/local - (0.644 ms)
::1 [24-10-2021 17:49:20] POST [200] /api/auth/local - (1.186 ms)
::1 [24-10-2021 17:49:24] POST [400] /api/auth/local - (5.367 ms)
::1 [24-10-2021 17:50:21] POST [400] /api/auth/local - (1.720 ms)
::1 [24-10-2021 17:51:06] POST [400] /api/auth/local - (1.724 ms)
::1 [24-10-2021 17:51:07] POST [400] /api/auth/local - (0.499 ms)
::1 [24-10-2021 17:51:10] POST [200] /api/auth/local - (0.646 ms)
::1 [24-10-2021 17:51:14] POST [400] /api/auth/local - (0.282 ms)
::1 [24-10-2021 17:51:19] POST [200] /api/auth/local - (0.475 ms)
::1 [24-10-2021 17:51:32] POST [200] /api/auth/local - (0.667 ms)
::1 [24-10-2021 17:51:36] POST [400] /api/auth/local - (0.408 ms)
::1 [24-10-2021 17:51:37] POST [400] /api/auth/local - (0.217 ms)
::1 [24-10-2021 17:51:55] POST [400] /api/auth/local - (1.877 ms)
::1 [24-10-2021 17:51:57] POST [400] /api/auth/local - (0.714 ms)
::1 [24-10-2021 17:53:02] POST [400] /api/auth/local - (2.200 ms)
::1 [24-10-2021 17:53:03] POST [400] /api/auth/local - (0.512 ms)
::1 [24-10-2021 17:53:56] POST [400] /api/auth/local - (2.429 ms)
::1 [24-10-2021 17:54:09] POST [400] /api/auth/local - (2.570 ms)
::1 [24-10-2021 17:54:10] POST [400] /api/auth/local - (1.030 ms)
::1 [24-10-2021 17:54:32] POST [400] /api/auth/local - (2.486 ms)
::1 [24-10-2021 17:54:38] POST [400] /api/auth/local - (1.017 ms)
::1 [24-10-2021 17:54:41] POST [400] /api/auth/local - (0.543 ms)
::1 [24-10-2021 17:54:50] POST [400] /api/auth/local - (2.502 ms)
::1 [24-10-2021 17:54:52] POST [400] /api/auth/local - (0.857 ms)
::1 [24-10-2021 17:55:36] POST [400] /api/auth/local - (2.275 ms)
::1 [24-10-2021 17:55:58] POST [500] /api/auth/local - (2.538 ms)
::1 [24-10-2021 17:56:27] POST [400] /api/auth/local - (1.910 ms)
::1 [24-10-2021 17:56:49] POST [200] /api/auth/local - (0.670 ms)
::1 [24-10-2021 17:56:54] POST [400] /api/auth/local - (0.455 ms)
::1 [24-10-2021 17:57:00] POST [200] /api/auth/local - (0.782 ms)
::1 [24-10-2021 17:57:45] POST [200] /api/auth/local - (1.209 ms)
::1 [24-10-2021 17:57:48] POST [400] /api/auth/local - (2.132 ms)
::1 [24-10-2021 17:57:53] POST [200] /api/auth/local - (0.495 ms)
::1 [24-10-2021 17:58:00] POST [200] /api/auth/local - (1.848 ms)
::1 [24-10-2021 17:58:03] POST [222] /api/auth/local - (1.431 ms)
::1 [24-10-2021 17:58:06] POST [200] /api/auth/local - (0.756 ms)
::1 [24-10-2021 18:00:35] GET [200] /api - (1.579 ms)
::1 [24-10-2021 18:00:36] GET [404] /api/v1 - (0.454 ms)
::1 [24-10-2021 18:00:40] GET [404] /api/v1/test - (0.686 ms)
::1 [24-10-2021 18:03:15] POST [400] /api/auth/local - (1.796 ms)
::1 [24-10-2021 18:04:01] POST [200] /api/auth/local - (1.793 ms)
::1 [24-10-2021 18:04:05] POST [400] /api/auth/local - (1.276 ms)
::1 [24-10-2021 18:20:32] POST [400] /api/auth/local - (1.800 ms)
::1 [24-10-2021 18:20:49] POST [200] /api/auth/local - (0.654 ms)
::1 [24-10-2021 18:43:31] GET [500] /api/setting/all - (40.866 ms)
::1 [24-10-2021 18:45:57] GET [500] /api/setting/all - (27.287 ms)
::1 [24-10-2021 18:45:59] GET [500] /api/setting/all - (32.582 ms)
::1 [24-10-2021 18:46:10] GET [200] /api/setting/all - (34.050 ms)
::1 [24-10-2021 18:46:51] GET [200] /api/setting/all - (33.831 ms)
::1 [24-10-2021 18:48:19] GET [500] /api/setting/458 - (5.782 ms)
::1 [24-10-2021 18:48:44] GET [500] /api/setting/qwe - (0.780 ms)
::1 [24-10-2021 18:48:49] GET [500] /api/setting/1 - (0.839 ms)
::1 [24-10-2021 18:52:01] GET [404] /api/setting/5e558a507af8a24364d7943b - (37.402 ms)
::1 [24-10-2021 18:52:07] GET [500] /api/setting/5e558a507af8a24364d7943 - (0.442 ms)
::1 [24-10-2021 18:52:09] GET [404] /api/setting/5e558a507af8a24364d7943b - (28.574 ms)
::1 [24-10-2021 18:52:28] GET [500] /api/setting/5e558a507af8a24364d7943 - (0.422 ms)
::1 [24-10-2021 18:52:33] GET [404] /api/setting/5e558a507af8a24364d7943b - (29.154 ms)
::1 [24-10-2021 18:52:36] GET [500] /api/setting/5e558a507af8a24364d7943 - (0.434 ms)
::1 [24-10-2021 18:52:41] GET [404] /api/setting/5e558a507af8a24364d7943b - (34.767 ms)
::1 [24-10-2021 18:53:26] DELETE [404] /api/setting/5e558a507af8a24364d7943b - (31.176 ms)
::1 [24-10-2021 18:53:37] DELETE [500] /api/setting/all - (0.454 ms)
::1 [24-10-2021 18:53:58] DELETE [500] /api/setting/all - (4.766 ms)
::1 [24-10-2021 18:54:18] DELETE [500] /api/setting/all - (2.145 ms)
::1 [24-10-2021 18:55:50] DELETE [200] /api/setting/all - (33.227 ms)
::1 [24-10-2021 18:56:40] DELETE [404] /api/setting/5e558a507af8a24364d7943b - (40.199 ms)
::1 [24-10-2021 18:59:14] DELETE [404] /api/setting/5e558a507af8a24364d7943b - (35.477 ms)
::1 [24-10-2021 18:59:16] DELETE [404] /api/setting/5e558a507af8a24364d7943b - (28.108 ms)
::1 [24-10-2021 18:59:34] DELETE [500] /api/setting/5e558a507af8a24364d7943b - (10035.331 ms)
::1 [24-10-2021 19:00:15] DELETE [500] /api/setting/5e558a507af8a24364d7943b - (10015.670 ms)
::1 [26-10-2021 18:40:47] GET [404] /api/setting - (1.847 ms)
::1 [26-10-2021 18:40:53] GET [200] /api/setting/all - (34.261 ms)
::1 [26-10-2021 18:42:00] GET [200] /api/setting/61782eecd6f92d0ecfd981f2 - (36.468 ms)
::1 [27-10-2021 18:01:13] GET [200] /api/setting/all - (50.104 ms)
::1 [27-10-2021 18:01:19] GET [200] /api/setting/61782eecd6f92d0ecfd981f2 - (39.180 ms)
::1 [27-10-2021 18:02:25] GET [200] /api/setting/61782eecd6f92d0ecfd981f2 - (2.295 ms)
::1 [27-10-2021 18:02:39] GET [200] /api/setting/61782eecd6f92d0ecfd981f2 - (1.215 ms)
::1 [27-10-2021 18:02:42] GET [200] /api/setting/61782eecd6f92d0ecfd981f4 - (0.890 ms)
::1 [27-10-2021 18:03:01] GET [200] /api/setting/61782eecd6f92d0ecfd981f - (1.026 ms)
::1 [27-10-2021 18:03:37] GET [200] /api/setting/61782eecd6f92d0ecfd981f - (1.815 ms)
::1 [27-10-2021 18:04:00] GET [200] /api/setting/61782eecd6f92d0ecfd981f - (1.776 ms)
::1 [27-10-2021 18:04:36] GET [200] /api/setting/61782eecd6f92d0ecfd981f - (1.759 ms)
::1 [27-10-2021 18:04:52] GET [200] /api/setting/61782eecd6f92d0ecfd981f - (1.789 ms)
::1 [27-10-2021 18:05:09] GET [200] /api/setting/61782eecd6f92d0ecfd981f - (1.704 ms)
::1 [27-10-2021 18:05:25] GET [200] /api/setting/61782eecd6f92d0ecfd981f - (1.691 ms)
::1 [27-10-2021 18:05:28] GET [200] /api/setting/61782eecd6f92d0ecfd981f2 - (0.945 ms)
::1 [27-10-2021 18:06:23] GET [200] /api/setting/61782eecd6f92d0ecfd981f2 - (32.982 ms)
::1 [27-10-2021 18:06:26] GET [500] /api/setting/61782eecd6f92d0ecfd981f - (2.252 ms)
::1 [27-10-2021 18:06:30] GET [200] /api/setting/61782eecd6f92d0ecfd981f2 - (30.796 ms)
::1 [27-10-2021 18:07:25] DELETE [200] /api/setting/61782eecd6f92d0ecfd981f2 - (65.960 ms)
::1 [27-10-2021 18:07:30] GET [200] /api/setting/61782eecd6f92d0ecfd981f2 - (44.723 ms)
::1 [27-10-2021 18:07:41] DELETE [200] /api/setting/61782eecd6f92d0ecfd981f2 - (79.521 ms)
::1 [27-10-2021 18:07:44] GET [200] /api/setting/61782eecd6f92d0ecfd981f2 - (28.479 ms)
::1 [27-10-2021 18:08:41] GET [200] /api/setting/61782eecd6f92d0ecfd981f2 - (33.426 ms)
::1 [27-10-2021 18:08:46] DELETE [200] /api/setting/61782eecd6f92d0ecfd981f2 - (39.428 ms)
::1 [27-10-2021 18:09:18] DELETE [200] /api/setting/61782eecd6f92d0ecfd981f2 - (29.999 ms)
::1 [27-10-2021 18:09:37] DELETE [200] /api/setting/61782eecd6f92d0ecfd981f2 - (30.312 ms)
::1 [27-10-2021 18:09:59] DELETE [200] /api/setting/61782eecd6f92d0ecfd981f2 - (71.042 ms)
::1 [27-10-2021 18:11:49] GET [200] /api/setting/61782eecd6f92d0ecfd981f2 - (36.096 ms)
::1 [27-10-2021 18:11:53] DELETE [200] /api/setting/61782eecd6f92d0ecfd981f2 - (73.692 ms)
::1 [27-10-2021 18:26:20] DELETE [200] /api/setting/61782eecd6f92d0ecfd981f2 - (6.072 ms)
::1 [27-10-2021 18:26:34] DELETE [200] /api/setting/61782eecd6f92d0ecfd981f2 - (5.384 ms)
::1 [27-10-2021 18:26:35] DELETE [200] /api/setting/61782eecd6f92d0ecfd981f2 - (1.052 ms)
::1 [27-10-2021 18:27:14] DELETE [200] /api/setting/61782eecd6f92d0ecfd981f2 - (5.725 ms)
::1 [27-10-2021 18:27:15] DELETE [200] /api/setting/61782eecd6f92d0ecfd981f2 - (1.073 ms)
::1 [27-10-2021 18:27:17] DELETE [200] /api/setting/61782eecd6f92d0ecfd981f - (0.796 ms)
::1 [27-10-2021 18:27:21] DELETE [200] /api/setting/61782eecd6f92d0ecfd981f2 - (2.498 ms)
::1 [27-10-2021 18:27:39] GET [200] /api/setting/61782eecd6f92d0ecfd981f2 - (29.464 ms)
::1 [27-10-2021 18:27:45] DELETE [200] /api/setting/61782eecd6f92d0ecfd981f2 - (0.849 ms)
::1 [27-10-2021 18:28:21] DELETE [200] /api/setting/61782eecd6f92d0ecfd981f2 0 (5.907 ms)
::1 [27-10-2021 18:28:22] DELETE [200] /api/setting/61782eecd6f92d0ecfd981f2 0 (1.088 ms)
::1 [27-10-2021 18:28:35] DELETE [200] /api/setting/61782eecd6f92d0ecfd981f2 - (7.112 ms)
::1 [27-10-2021 18:28:54] GET [200] /api/setting/61782eecd6f92d0ecfd981f2 - (34.142 ms)
::1 [27-10-2021 18:28:58] DELETE [200] /api/setting/61782eecd6f92d0ecfd981f2 - (63.311 ms)
::1 [27-10-2021 18:30:41] PATCH [200] /api/setting/61782eecd6f92d0ecfd981f2 - (64.741 ms)
::1 [27-10-2021 18:31:04] PATCH [200] /api/setting/61782eecd6f92d0ecfd981f2 - (68.196 ms)
::1 [27-10-2021 18:31:17] PATCH [200] /api/setting/61782eecd6f92d0ecfd981f2 - (76.452 ms)
::1 [27-10-2021 18:32:11] PATCH [500] /api/setting/61782eecd6f92d0ecfd981f2 - (42.734 ms)
::1 [27-10-2021 18:32:41] PATCH [200] /api/setting/61782eecd6f92d0ecfd981f2 - (142.104 ms)
::1 [27-10-2021 18:33:59] DELETE [200] /api/setting/61782eecd6f92d0ecfd981f2 - (63.182 ms)
::1 [27-10-2021 18:34:17] PATCH [200] /api/setting/61782eecd6f92d0ecfd981f2 - (76.191 ms)
::1 [27-10-2021 18:34:21] PATCH [200] /api/setting/61782eecd6f92d0ecfd981f2 - (64.541 ms)
::1 [27-10-2021 18:34:25] PATCH [200] /api/setting/61782eecd6f92d0ecfd981f2 - (69.811 ms)
::1 [27-10-2021 19:21:25] GET [200] /api/setting/ - (29.519 ms)
::1 [27-10-2021 19:21:28] GET [200] /api/setting/61782eecd6f92d0ecfd981f2 - (44.625 ms)
::1 [27-10-2021 19:21:31] GET [200] /api/setting/ - (28.523 ms)
::1 [27-10-2021 19:21:51] GET [200] /api/setting/61782eecd6f92d0ecfd981f2 - (31.767 ms)
::1 [28-10-2021 17:53:31] GET [200] /api/setting/61782eecd6f92d0ecfd981f2 - (43.604 ms)
::1 [28-10-2021 17:53:36] PATCH [400] /api/setting/61782eecd6f92d0ecfd981f2 - (41.136 ms)
::1 [28-10-2021 17:53:44] PATCH [200] /api/setting/61782eecd6f92d0ecfd981f2 - (66.851 ms)
::1 [28-10-2021 17:53:48] PATCH [400] /api/setting/61782eecd6f92d0ecfd981f2 - (28.140 ms)
::1 [28-10-2021 17:54:14] PATCH [400] /api/setting/61782eecd6f92d0ecfd981f2 - (34.907 ms)
::1 [28-10-2021 17:54:31] PATCH [400] /api/setting/61782eecd6f92d0ecfd981f2 - (189.882 ms)
::1 [28-10-2021 17:54:43] PATCH [400] /api/setting/61782eecd6f92d0ecfd981f2 - (32.895 ms)
::1 [28-10-2021 17:55:00] PATCH [400] /api/setting/61782eecd6f92d0ecfd981f2 - (34.464 ms)
::1 [28-10-2021 17:55:19] PATCH [500] /api/setting/61782eecd6f92d0ecfd981f2 - (47.285 ms)
::1 [28-10-2021 17:56:01] PATCH [200] /api/setting/61782eecd6f92d0ecfd981f2 - (76.006 ms)
::1 [28-10-2021 17:56:05] PATCH [200] /api/setting/61782eecd6f92d0ecfd981f2 - (61.945 ms)
::1 [28-10-2021 17:56:07] PATCH [200] /api/setting/61782eecd6f92d0ecfd981f2 - (52.675 ms)
::1 [28-10-2021 17:57:02] PATCH [500] /api/setting/61782eecd6f92d0ecfd981f2 - (45.626 ms)
::1 [28-10-2021 17:57:05] PATCH [500] /api/setting/61782eecd6f92d0ecfd981f2 - (29.290 ms)
::1 [28-10-2021 17:57:08] PATCH [200] /api/setting/61782eecd6f92d0ecfd981f2 - (66.882 ms)
::1 [28-10-2021 17:57:24] PATCH [200] /api/setting/61782eecd6f92d0ecfd981f2 - (67.821 ms)
::1 [28-10-2021 17:57:27] PATCH [500] /api/setting/61782eecd6f92d0ecfd981f2 - (28.272 ms)
::1 [28-10-2021 17:58:43] PATCH [200] /api/setting/61782eecd6f92d0ecfd981f2 - (67.706 ms)
::1 [28-10-2021 17:58:49] PATCH [200] /api/setting/61782eecd6f92d0ecfd981f2 - (57.311 ms)
::1 [28-10-2021 17:58:57] PATCH [200] /api/setting/61782eecd6f92d0ecfd981f2 - (54.789 ms)
::1 [28-10-2021 17:59:06] PATCH [200] /api/setting/61782eecd6f92d0ecfd981f2 - (63.307 ms)
::1 [28-10-2021 17:59:10] PATCH [200] /api/setting/61782eecd6f92d0ecfd981f2 - (74.554 ms)
::1 [28-10-2021 17:59:13] PATCH [200] /api/setting/61782eecd6f92d0ecfd981f2 - (63.130 ms)
::1 [28-10-2021 17:59:29] PATCH [200] /api/setting/61782eecd6f92d0ecfd981f2 - (60.066 ms)
::1 [28-10-2021 17:59:34] GET [200] /api/setting/61782eecd6f92d0ecfd981f2 - (30.438 ms)
::1 [28-10-2021 17:59:42] PATCH [200] /api/setting/61782eecd6f92d0ecfd981f2 - (55.615 ms)
::1 [28-10-2021 18:00:42] PATCH [200] /api/setting/61782eecd6f92d0ecfd981f2 - (66.631 ms)
::1 [28-10-2021 18:01:36] PATCH [200] /api/setting/61782eecd6f92d0ecfd981f2 - (83.822 ms)
::1 [28-10-2021 18:01:42] PATCH [200] /api/setting/61782eecd6f92d0ecfd981f2 - (86.453 ms)
::1 [28-10-2021 18:02:32] PATCH [200] /api/setting/61782eecd6f92d0ecfd981f2 - (78.504 ms)
::1 [28-10-2021 18:02:50] PATCH [200] /api/setting/61782eecd6f92d0ecfd981f2 - (63.841 ms)
::1 [28-10-2021 18:02:58] PATCH [200] /api/setting/61782eecd6f92d0ecfd981f2 - (63.491 ms)
::1 [28-10-2021 18:03:06] PATCH [200] /api/setting/61782eecd6f92d0ecfd981f2 - (56.982 ms)
::1 [28-10-2021 18:03:31] PATCH [200] /api/setting/61782eecd6f92d0ecfd981f2 - (62.300 ms)
::1 [28-10-2021 18:03:35] PATCH [200] /api/setting/61782eecd6f92d0ecfd981f2 - (60.088 ms)
::1 [28-10-2021 18:03:39] PATCH [400] /api/setting/61782eecd6f92d0ecfd981f2 - (33.239 ms)
::1 [28-10-2021 18:04:39] PATCH [400] /api/setting/61782eecd6f92d0ecfd981f2 - (37.140 ms)
::1 [28-10-2021 18:04:41] PATCH [400] /api/setting/61782eecd6f92d0ecfd981f2 - (29.991 ms)
::1 [28-10-2021 18:04:42] PATCH [400] /api/setting/61782eecd6f92d0ecfd981f2 - (31.991 ms)
::1 [28-10-2021 18:04:46] PATCH [200] /api/setting/61782eecd6f92d0ecfd981f2 - (68.598 ms)
::1 [28-10-2021 18:04:53] PATCH [400] /api/setting/61782eecd6f92d0ecfd981f2 - (28.244 ms)
::1 [28-10-2021 18:05:14] PATCH [400] /api/setting/61782eecd6f92d0ecfd981f2 - (32.465 ms)
::1 [28-10-2021 18:05:22] PATCH [400] /api/setting/61782eecd6f92d0ecfd981f2 - (258.076 ms)
::1 [28-10-2021 18:06:02] PATCH [200] /api/setting/61782eecd6f92d0ecfd981f2 - (87.331 ms)
::1 [28-10-2021 18:06:39] PATCH [200] /api/setting/61782eecd6f92d0ecfd981f2 - (73.691 ms)
::1 [28-10-2021 18:06:53] GET [200] /api/setting/61782eecd6f92d0ecfd981f2 - (28.785 ms)
::1 [28-10-2021 18:07:13] GET [200] /api/setting/61782eecd6f92d0ecfd981f2 - (26.023 ms)
::1 [28-10-2021 18:07:27] PATCH [200] /api/setting/61782eecd6f92d0ecfd981f2 - (325.520 ms)
::1 [28-10-2021 18:07:37] PATCH [200] /api/setting/61782eecd6f92d0ecfd981f2 - (56.946 ms)
::1 [28-10-2021 18:10:15] PATCH [200] /api/setting/61782eecd6f92d0ecfd981f2 - (67.951 ms)
::1 [28-10-2021 18:10:29] PATCH [200] /api/setting/61782eecd6f92d0ecfd981f2 - (80.603 ms)
::1 [28-10-2021 18:10:46] PATCH [500] /api/setting/61782eecd6f92d0ecfd981f2 - (50.560 ms)
::1 [28-10-2021 18:11:20] PATCH [200] /api/setting/61782eecd6f92d0ecfd981f2 - (89.851 ms)
::1 [28-10-2021 18:11:23] PATCH [500] /api/setting/61782eecd6f92d0ecfd981f2 - (33.233 ms)
::1 [28-10-2021 18:12:55] PATCH [500] /api/setting/61782eecd6f92d0ecfd981f2 - (35.777 ms)
::1 [28-10-2021 18:13:19] PATCH [200] /api/setting/61782eecd6f92d0ecfd981f2 - (74.344 ms)
::1 [28-10-2021 18:13:27] PATCH [500] /api/setting/61782eecd6f92d0ecfd981f2 - (28.851 ms)
::1 [28-10-2021 18:13:34] PATCH [200] /api/setting/61782eecd6f92d0ecfd981f2 - (80.372 ms)
::1 [28-10-2021 18:14:25] PATCH [500] /api/setting/61782eecd6f92d0ecfd981f2 - (35.497 ms)
::1 [28-10-2021 18:14:45] PATCH [500] /api/setting/61782eecd6f92d0ecfd981f2 - (38.259 ms)
::1 [28-10-2021 18:16:02] PATCH [500] /api/setting/61782eecd6f92d0ecfd981f2 - (38.554 ms)
::1 [28-10-2021 18:16:07] PATCH [500] /api/setting/61782eecd6f92d0ecfd981f2 - (30.911 ms)
::1 [28-10-2021 18:16:15] PATCH [500] /api/setting/61782eecd6f92d0ecfd981f2 - (130.255 ms)
::1 [28-10-2021 18:16:21] PATCH [500] /api/setting/61782eecd6f92d0ecfd981f2 - (28.537 ms)
::1 [28-10-2021 18:16:42] PATCH [500] /api/setting/61782eecd6f92d0ecfd981f2 - (35.930 ms)
::1 [28-10-2021 18:17:15] PATCH [200] /api/setting/61782eecd6f92d0ecfd981f2 - (98.734 ms)
::1 [28-10-2021 18:17:19] PATCH [200] /api/setting/61782eecd6f92d0ecfd981f2 - (73.097 ms)
::1 [28-10-2021 18:17:23] PATCH [200] /api/setting/61782eecd6f92d0ecfd981f2 - (60.240 ms)
::1 [28-10-2021 18:17:26] PATCH [200] /api/setting/61782eecd6f92d0ecfd981f2 - (57.160 ms)
::1 [28-10-2021 18:17:35] PATCH [200] /api/setting/61782eecd6f92d0ecfd981f2 - (54.432 ms)
::1 [28-10-2021 18:18:44] PATCH [200] /api/setting/61782eecd6f92d0ecfd981f2 - (62.213 ms)
::1 [28-10-2021 18:18:52] PATCH [200] /api/setting/61782eecd6f92d0ecfd981f2 - (73.034 ms)
::1 [28-10-2021 18:19:20] PATCH [500] /api/setting/61782eecd6f92d0ecfd981f2 - (33.008 ms)
::1 [28-10-2021 18:19:25] PATCH [500] /api/setting/61782eecd6f92d0ecfd981f2 - (29.923 ms)
::1 [28-10-2021 18:19:28] PATCH [200] /api/setting/61782eecd6f92d0ecfd981f2 - (74.781 ms)
::1 [28-10-2021 18:19:33] PATCH [500] /api/setting/61782eecd6f92d0ecfd981f2 - (38.578 ms)
::1 [28-10-2021 18:20:02] PATCH [200] /api/setting/61782eecd6f92d0ecfd981f2 - (67.591 ms)
::1 [28-10-2021 18:20:04] PATCH [200] /api/setting/61782eecd6f92d0ecfd981f2 - (61.642 ms)
::1 [28-10-2021 18:20:08] PATCH [200] /api/setting/61782eecd6f92d0ecfd981f2 - (56.143 ms)
::1 [28-10-2021 18:20:12] PATCH [200] /api/setting/61782eecd6f92d0ecfd981f2 - (60.938 ms)
::1 [28-10-2021 18:20:24] PATCH [500] /api/setting/61782eecd6f92d0ecfd981f2 - (42.457 ms)
::1 [28-10-2021 18:20:29] PATCH [500] /api/setting/61782eecd6f92d0ecfd981f2 - (41.582 ms)
::1 [28-10-2021 18:21:21] PATCH [200] /api/setting/61782eecd6f92d0ecfd981f2 - (91.417 ms)
::1 [28-10-2021 18:21:56] PATCH [200] /api/setting/61782eecd6f92d0ecfd981f2 - (79.095 ms)
::1 [28-10-2021 18:22:22] PATCH [500] /api/setting/61782eecd6f92d0ecfd981f2 - (37.614 ms)
::1 [28-10-2021 18:22:36] PATCH [500] /api/setting/61782eecd6f92d0ecfd981f2 - (42.596 ms)
::1 [28-10-2021 18:23:01] PATCH [200] /api/setting/61782eecd6f92d0ecfd981f2 - (75.817 ms)
::1 [28-10-2021 18:23:04] PATCH [200] /api/setting/61782eecd6f92d0ecfd981f2 - (62.595 ms)
::1 [28-10-2021 18:23:08] PATCH [200] /api/setting/61782eecd6f92d0ecfd981f2 - (66.780 ms)
::1 [28-10-2021 18:24:00] PATCH [200] /api/setting/61782eecd6f92d0ecfd981f2 - (74.121 ms)
::1 [28-10-2021 18:24:13] PATCH [200] /api/setting/61782eecd6f92d0ecfd981f2 - (62.945 ms)
::1 [28-10-2021 18:25:56] PATCH [500] /api/setting/61782eecd6f92d0ecfd981f2 - (33.930 ms)
::1 [28-10-2021 18:25:59] PATCH [200] /api/setting/61782eecd6f92d0ecfd981f2 - (86.302 ms)
::1 [28-10-2021 18:26:04] PATCH [500] /api/setting/61782eecd6f92d0ecfd981f2 - (30.141 ms)
::1 [28-10-2021 18:26:12] PATCH [500] /api/setting/61782eecd6f92d0ecfd981f2 - (32.570 ms)
::1 [28-10-2021 18:26:15] PATCH [500] /api/setting/61782eecd6f92d0ecfd981f2 - (31.582 ms)
::1 [28-10-2021 18:26:17] PATCH [500] /api/setting/61782eecd6f92d0ecfd981f2 - (29.056 ms)
::1 [28-10-2021 18:26:23] PATCH [500] /api/setting/61782eecd6f92d0ecfd981f2 - (83.680 ms)
::1 [28-10-2021 18:26:25] PATCH [200] /api/setting/61782eecd6f92d0ecfd981f2 - (66.679 ms)
::1 [28-10-2021 18:26:29] PATCH [500] /api/setting/61782eecd6f92d0ecfd981f2 - (32.394 ms)
::1 [28-10-2021 18:26:55] PATCH [200] /api/setting/61782eecd6f92d0ecfd981f2 - (230.314 ms)
::1 [28-10-2021 18:27:04] PATCH [200] /api/setting/61782eecd6f92d0ecfd981f2 - (71.914 ms)
::1 [28-10-2021 18:27:26] PATCH [500] /api/setting/61782eecd6f92d0ecfd981f2 - (35.461 ms)
::1 [28-10-2021 18:27:32] PATCH [500] /api/setting/61782eecd6f92d0ecfd981f2 - (33.325 ms)
::1 [28-10-2021 18:27:35] PATCH [200] /api/setting/61782eecd6f92d0ecfd981f2 - (63.739 ms)
::1 [28-10-2021 18:27:37] PATCH [500] /api/setting/61782eecd6f92d0ecfd981f2 - (52.862 ms)
::1 [28-10-2021 18:28:25] PATCH [500] /api/setting/61782eecd6f92d0ecfd981f2 - (35.192 ms)
::1 [28-10-2021 18:28:28] PATCH [200] /api/setting/61782eecd6f92d0ecfd981f2 - (58.980 ms)
::1 [28-10-2021 18:29:25] PATCH [500] /api/setting/61782eecd6f92d0ecfd981f2 - (70.045 ms)
::1 [28-10-2021 18:29:52] PATCH [500] /api/setting/61782eecd6f92d0ecfd981f2 - (177.023 ms)
::1 [28-10-2021 18:29:54] PATCH [200] /api/setting/61782eecd6f92d0ecfd981f2 - (61.462 ms)
::1 [28-10-2021 18:29:59] PATCH [500] /api/setting/61782eecd6f92d0ecfd981f2 - (37.166 ms)
::1 [28-10-2021 18:30:30] PATCH [200] /api/setting/61782eecd6f92d0ecfd981f2 - (68.516 ms)
::1 [28-10-2021 18:31:18] PATCH [200] /api/setting/61782eecd6f92d0ecfd981f2 - (138.227 ms)
::1 [28-10-2021 18:32:04] PATCH [500] /api/setting/61782eecd6f92d0ecfd981f2 - (41.809 ms)
::1 [28-10-2021 18:32:12] PATCH [200] /api/setting/61782eecd6f92d0ecfd981f2 - (70.923 ms)
::1 [28-10-2021 18:32:15] PATCH [500] /api/setting/61782eecd6f92d0ecfd981f2 - (29.269 ms)
::1 [28-10-2021 18:32:29] PATCH [200] /api/setting/61782eecd6f92d0ecfd981f2 - (69.284 ms)
::1 [28-10-2021 18:32:40] PATCH [200] /api/setting/61782eecd6f92d0ecfd981f2 - (55.670 ms)
::1 [28-10-2021 18:33:14] PATCH [200] /api/setting/61782eecd6f92d0ecfd981f2 - (204.263 ms)
::1 [28-10-2021 18:34:26] PATCH [200] /api/setting/61782eecd6f92d0ecfd981f2 - (78.375 ms)
::1 [28-10-2021 18:34:29] PATCH [200] /api/setting/61782eecd6f92d0ecfd981f2 - (71.082 ms)
::1 [28-10-2021 18:34:33] PATCH [500] /api/setting/61782eecd6f92d0ecfd981f2 - (36.044 ms)
::1 [28-10-2021 18:34:39] PATCH [500] /api/setting/61782eecd6f92d0ecfd981f2 - (30.634 ms)
::1 [28-10-2021 18:41:40] PATCH [500] /api/setting/61782eecd6f92d0ecfd981f2 - (40.564 ms)
::1 [28-10-2021 18:41:43] PATCH [500] /api/setting/61782eecd6f92d0ecfd981f2 - (36.620 ms)
::1 [28-10-2021 18:41:46] PATCH [200] /api/setting/61782eecd6f92d0ecfd981f2 - (61.606 ms)
::1 [28-10-2021 18:43:15] GET [200] /api/employee/ - (28.759 ms)
::1 [28-10-2021 18:44:29] GET [200] /api/employee/ - (49.500 ms)
::1 [28-10-2021 18:44:32] GET [200] /api/employee/617ad36418cc2ffd10af0e36 - (28.854 ms)
::1 [28-10-2021 18:44:52] PATCH [200] /api/employee/617ad36418cc2ffd10af0e36 - (0.310 ms)
::1 [28-10-2021 18:45:54] PATCH [200] /api/employee/617ad36418cc2ffd10af0e36 - (66.978 ms)
::1 [28-10-2021 18:46:26] PATCH [200] /api/employee/617ad36418cc2ffd10af0e36 - (89.751 ms)
::1 [28-10-2021 18:46:31] PATCH [500] /api/employee/617ad36418cc2ffd10af0e36 - (160.547 ms)
::1 [28-10-2021 18:46:35] PATCH [200] /api/employee/617ad36418cc2ffd10af0e36 - (62.393 ms)
::1 [28-10-2021 18:46:55] PATCH [500] /api/employee/617ad36418cc2ffd10af0e36 - (33.749 ms)
::1 [28-10-2021 18:46:57] PATCH [500] /api/setting/61782eecd6f92d0ecfd981f2 - (26.976 ms)
::1 [28-10-2021 18:47:10] PATCH [200] /api/setting/61782eecd6f92d0ecfd981f2 - (66.337 ms)
::1 [28-10-2021 18:47:12] PATCH [200] /api/employee/617ad36418cc2ffd10af0e36 - (63.312 ms)
::1 [28-10-2021 18:48:39] PATCH [500] /api/employee/617ad36418cc2ffd10af0e36 - (38.017 ms)
::1 [28-10-2021 18:48:41] PATCH [500] /api/setting/61782eecd6f92d0ecfd981f2 - (35.618 ms)
::1 [28-10-2021 18:51:20] PATCH [500] /api/employee/617ad36418cc2ffd10af0e36 - (40.757 ms)
::1 [28-10-2021 18:51:22] PATCH [200] /api/setting/61782eecd6f92d0ecfd981f2 - (71.838 ms)
::1 [28-10-2021 18:51:29] PATCH [200] /api/setting/61782eecd6f92d0ecfd981f2 - (65.035 ms)
::1 [28-10-2021 18:51:43] PATCH [500] /api/setting/61782eecd6f92d0ecfd981f2 - (35.813 ms)
::1 [28-10-2021 18:51:49] PATCH [500] /api/setting/61782eecd6f92d0ecfd981f2 - (32.899 ms)
::1 [28-10-2021 18:52:14] PATCH [500] /api/setting/61782eecd6f92d0ecfd981f2 - (61.825 ms)
::1 [28-10-2021 18:52:15] PATCH [500] /api/setting/61782eecd6f92d0ecfd981f2 - (36.390 ms)
::1 [28-10-2021 18:52:19] PATCH [200] /api/setting/61782eecd6f92d0ecfd981f2 - (64.100 ms)
::1 [28-10-2021 18:52:27] PATCH [500] /api/setting/61782eecd6f92d0ecfd981f2 - (29.536 ms)
::1 [28-10-2021 18:52:54] PATCH [500] /api/setting/61782eecd6f92d0ecfd981f2 - (37.034 ms)
::1 [28-10-2021 18:52:59] PATCH [500] /api/setting/61782eecd6f92d0ecfd981f2 - (29.402 ms)
::1 [28-10-2021 18:54:22] PATCH [500] /api/setting/61782eecd6f92d0ecfd981f2 - (63.657 ms)
::1 [28-10-2021 18:54:28] PATCH [500] /api/setting/61782eecd6f92d0ecfd981f2 - (44.318 ms)
::1 [28-10-2021 18:54:31] PATCH [200] /api/setting/61782eecd6f92d0ecfd981f2 - (71.378 ms)
::1 [28-10-2021 18:55:18] PATCH [200] /api/setting/61782eecd6f92d0ecfd981f2 - (62.727 ms)
::1 [28-10-2021 18:55:20] PATCH [200] /api/setting/61782eecd6f92d0ecfd981f2 - (71.629 ms)
::1 [28-10-2021 18:55:24] PATCH [500] /api/setting/61782eecd6f92d0ecfd981f2 - (26.633 ms)
::1 [28-10-2021 18:55:35] PATCH [500] /api/setting/61782eecd6f92d0ecfd981f2 - (135.505 ms)
::1 [28-10-2021 18:55:39] PATCH [200] /api/setting/61782eecd6f92d0ecfd981f2 - (56.301 ms)
::1 [28-10-2021 18:55:42] PATCH [200] /api/employee/617ad36418cc2ffd10af0e36 - (63.514 ms)
::1 [28-10-2021 18:58:40] PATCH [200] /api/setting/61782eecd6f92d0ecfd981f2 - (519.400 ms)
::1 [28-10-2021 18:58:45] PATCH [500] /api/setting/61782eecd6f92d0ecfd981f2 - (94.106 ms)
::1 [28-10-2021 18:58:51] PATCH [200] /api/setting/61782eecd6f92d0ecfd981f2 - (75.719 ms)
::1 [28-10-2021 18:58:58] PATCH [200] /api/setting/61782eecd6f92d0ecfd981f2 - (66.751 ms)
::1 [28-10-2021 18:59:04] PATCH [500] /api/setting/61782eecd6f92d0ecfd981f2 - (29.534 ms)
::1 [28-10-2021 18:59:11] PATCH [200] /api/setting/61782eecd6f92d0ecfd981f2 - (102.179 ms)
::1 [28-10-2021 18:59:53] PATCH [200] /api/setting/61782eecd6f92d0ecfd981f2 - (64.007 ms)
::1 [28-10-2021 18:59:54] PATCH [200] /api/setting/61782eecd6f92d0ecfd981f2 - (57.856 ms)
::1 [28-10-2021 19:00:14] PATCH [200] /api/setting/61782eecd6f92d0ecfd981f2 - (64.025 ms)
::1 [28-10-2021 19:00:30] PATCH [500] /api/setting/61782eecd6f92d0ecfd981f2 - (32.758 ms)
::1 [28-10-2021 19:00:55] PATCH [500] /api/setting/61782eecd6f92d0ecfd981f2 - (38.136 ms)
::1 [28-10-2021 19:01:02] PATCH [200] /api/setting/61782eecd6f92d0ecfd981f2 - (65.654 ms)
::1 [28-10-2021 19:01:49] PATCH [200] /api/setting/61782eecd6f92d0ecfd981f2 - (67.338 ms)
::1 [28-10-2021 19:02:03] PATCH [200] /api/setting/61782eecd6f92d0ecfd981f2 - (68.022 ms)
::1 [28-10-2021 19:02:07] PATCH [500] /api/setting/61782eecd6f92d0ecfd981f2 - (31.611 ms)
::1 [28-10-2021 19:02:13] PATCH [500] /api/setting/61782eecd6f92d0ecfd981f2 - (39.374 ms)
::1 [28-10-2021 19:02:35] PATCH [500] /api/setting/61782eecd6f92d0ecfd981f2 - (32.628 ms)
::1 [28-10-2021 19:02:39] PATCH [500] /api/setting/61782eecd6f92d0ecfd981f2 - (57.617 ms)
::1 [28-10-2021 19:02:44] PATCH [500] /api/setting/61782eecd6f92d0ecfd981f2 - (40.221 ms)
::1 [28-10-2021 19:05:00] PATCH [500] /api/setting/61782eecd6f92d0ecfd981f2 - (33.666 ms)
::1 [28-10-2021 19:05:04] PATCH [200] /api/setting/61782eecd6f92d0ecfd981f2 - (111.527 ms)
::1 [28-10-2021 19:05:08] PATCH [500] /api/setting/61782eecd6f92d0ecfd981f2 - (75.207 ms)
::1 [28-10-2021 19:05:09] PATCH [500] /api/setting/61782eecd6f92d0ecfd981f2 - (32.015 ms)
::1 [28-10-2021 19:05:11] PATCH [200] /api/setting/61782eecd6f92d0ecfd981f2 - (74.159 ms)
::1 [28-10-2021 19:05:31] PATCH [500] /api/setting/61782eecd6f92d0ecfd981f2 - (39.590 ms)
::1 [28-10-2021 19:06:00] PATCH [500] /api/setting/61782eecd6f92d0ecfd981f2 - (38.259 ms)
::1 [28-10-2021 19:06:03] PATCH [500] /api/setting/61782eecd6f92d0ecfd981f2 - (37.230 ms)
::1 [28-10-2021 19:06:35] PATCH [500] /api/setting/61782eecd6f92d0ecfd981f2 - (33.642 ms)
::1 [28-10-2021 19:06:40] PATCH [500] /api/setting/61782eecd6f92d0ecfd981f2 - (40.012 ms)
::1 [28-10-2021 19:06:44] PATCH [500] /api/setting/61782eecd6f92d0ecfd981f2 - (34.200 ms)
::1 [28-10-2021 19:06:47] PATCH [500] /api/setting/61782eecd6f92d0ecfd981f2 - (58.728 ms)
::1 [28-10-2021 19:07:16] PATCH [200] /api/setting/61782eecd6f92d0ecfd981f2 - (72.810 ms)
::1 [28-10-2021 19:07:20] PATCH [500] /api/setting/61782eecd6f92d0ecfd981f2 - (36.816 ms)
::1 [28-10-2021 19:09:06] PATCH [500] /api/setting/61782eecd6f92d0ecfd981f2 - (37.663 ms)
::1 [28-10-2021 19:09:09] PATCH [200] /api/setting/61782eecd6f92d0ecfd981f2 - (61.698 ms)
::1 [28-10-2021 19:09:26] PATCH [500] /api/setting/61782eecd6f92d0ecfd981f2 - (44.221 ms)
::1 [28-10-2021 19:10:01] PATCH [200] /api/setting/61782eecd6f92d0ecfd981f2 - (64.453 ms)
::1 [28-10-2021 19:10:05] PATCH [200] /api/setting/61782eecd6f92d0ecfd981f2 - (65.727 ms)
::1 [28-10-2021 19:10:07] PATCH [200] /api/setting/61782eecd6f92d0ecfd981f2 - (59.525 ms)
::1 [28-10-2021 19:10:15] PATCH [500] /api/setting/61782eecd6f92d0ecfd981f2 - (76.568 ms)
::1 [28-10-2021 19:10:18] PATCH [200] /api/setting/61782eecd6f92d0ecfd981f2 - (59.497 ms)
::1 [28-10-2021 19:10:30] PATCH [200] /api/setting/61782eecd6f92d0ecfd981f2 - (87.766 ms)
::1 [28-10-2021 19:10:33] PATCH [500] /api/setting/61782eecd6f92d0ecfd981f2 - (40.745 ms)
::1 [28-10-2021 19:10:46] PATCH [200] /api/setting/61782eecd6f92d0ecfd981f2 - (63.407 ms)
::1 [28-10-2021 19:11:17] PATCH [200] /api/setting/61782eecd6f92d0ecfd981f2 - (71.831 ms)
::1 [28-10-2021 19:11:21] PATCH [500] /api/setting/61782eecd6f92d0ecfd981f2 - (34.443 ms)
::1 [28-10-2021 19:11:26] PATCH [500] /api/setting/61782eecd6f92d0ecfd981f2 - (34.362 ms)
::1 [28-10-2021 19:11:27] PATCH [500] /api/setting/61782eecd6f92d0ecfd981f2 - (44.166 ms)
::1 [28-10-2021 19:11:31] PATCH [200] /api/setting/61782eecd6f92d0ecfd981f2 - (62.692 ms)
::1 [28-10-2021 19:12:08] PATCH [500] /api/setting/61782eecd6f92d0ecfd981f2 - (32.513 ms)
::1 [28-10-2021 19:12:23] PATCH [500] /api/setting/61782eecd6f92d0ecfd981f2 - (33.191 ms)
::1 [28-10-2021 19:12:23] PATCH [500] /api/setting/61782eecd6f92d0ecfd981f2 - (36.844 ms)
::1 [28-10-2021 19:18:49] PATCH [200] /api/setting/61782eecd6f92d0ecfd981f2 - (69.053 ms)
::1 [28-10-2021 19:18:53] PATCH [200] /api/setting/61782eecd6f92d0ecfd981f2 - (66.203 ms)
::1 [28-10-2021 19:19:04] PATCH [500] /api/setting/61782eecd6f92d0ecfd981f2 - (38.208 ms)
::1 [28-10-2021 19:20:39] PATCH [200] /api/setting/61782eecd6f92d0ecfd981f2 - (66.011 ms)
::1 [28-10-2021 19:20:43] PATCH [200] /api/setting/61782eecd6f92d0ecfd981f2 - (67.560 ms)
::1 [28-10-2021 19:20:45] PATCH [200] /api/setting/61782eecd6f92d0ecfd981f2 - (55.860 ms)
::1 [28-10-2021 19:21:16] PATCH [200] /api/setting/61782eecd6f92d0ecfd981f2 - (74.759 ms)
::1 [28-10-2021 19:21:18] PATCH [200] /api/setting/61782eecd6f92d0ecfd981f2 - (72.602 ms)
::1 [28-10-2021 19:21:22] PATCH [500] /api/setting/61782eecd6f92d0ecfd981f2 - (41.857 ms)
::1 [28-10-2021 19:22:58] PATCH [500] /api/setting/61782eecd6f92d0ecfd981f2 - (36.370 ms)
::1 [28-10-2021 19:23:03] PATCH [200] /api/setting/61782eecd6f92d0ecfd981f2 - (56.712 ms)
::1 [28-10-2021 19:23:06] PATCH [500] /api/setting/61782eecd6f92d0ecfd981f2 - (26.580 ms)
::1 [28-10-2021 19:23:10] PATCH [200] /api/setting/61782eecd6f92d0ecfd981f2 - (55.546 ms)
::1 [28-10-2021 21:00:08] GET [200] /api/setting/61782eecd6f92d0ecfd981f2 257 (31.840 ms)
::1 [28-10-2021 21:03:07] GET [200] /api/setting/61782eecd6f92d0ecfd981f2 257 (30.206 ms)
::1 [28-10-2021 21:03:31] GET [200] /api/ 147 (0.217 ms)
::1 [28-10-2021 21:04:02] GET [200] /api/ 147 (0.197 ms)
::1 [28-10-2021 21:06:51] GET [200] /api/ 147 (1.639 ms)
::1 [28-10-2021 21:08:07] GET [200] /api/ 147 (1.218 ms)
::1 [28-10-2021 21:08:14] GET [200] /api/ 147 (0.325 ms)
::1 [28-10-2021 23:26:08] GET [200] /api - (1.993 ms)
::1 [28-10-2021 23:26:43] GET [200] /api 147 (1.643 ms)
::1 [28-10-2021 23:26:47] GET [200] /api 147 (0.340 ms)
::1 [28-10-2021 23:27:00] GET [200] /api 147 (0.153 ms)
::1 [30-10-2021 13:08:39] GET [200] /api - (1.370 ms)
::1 [30-10-2021 13:08:47] GET [200] /api - (1.592 ms)
::1 [30-10-2021 13:10:31] GET [200] /api - (2.412 ms)
::1 [30-10-2021 13:11:13] GET [200] /api - (2.867 ms)
::1 [30-10-2021 13:11:53] GET [200] /api - (2.331 ms)
::1 [30-10-2021 13:12:10] GET [304] /api - (2.483 ms)
::1 [30-10-2021 13:12:27] GET [200] /api - (1.717 ms)
::1 [30-10-2021 13:12:56] GET [200] /api - (1.798 ms)
::1 [30-10-2021 13:14:16] GET [500] /api/unit - (1.104 ms)
::1 [30-10-2021 13:14:59] GET [200] /api/unit - (32.179 ms)
::1 [30-10-2021 13:15:04] GET [500] /api/unit/type - (1.833 ms)
::1 [30-10-2021 13:15:45] GET [200] /api/unit/type - (37.310 ms)
::1 [30-10-2021 13:15:49] GET [200] /api/unit/ - (30.281 ms)
::1 [30-10-2021 13:16:28] GET [500] /api/unit/asdasd - (3.588 ms)
::1 [30-10-2021 13:16:34] GET [304] /api/unit/type - (30.552 ms)
::1 [30-10-2021 13:16:38] GET [500] /api/unit/type/asdasd - (0.629 ms)
::1 [30-10-2021 14:20:24] GET [200] /api/setting/61782eecd6f92d0ecfd981f2 - (33.020 ms)
::1 [30-10-2021 14:20:28] GET [404] /api/setting/61782eecd6f92d0ecfd981f3 - (34.883 ms)
::1 [30-10-2021 14:21:01] GET [200] /api/setting/61782eecd6f92d0ecfd981f2 - (27.967 ms)
::1 [30-10-2021 14:21:06] GET [200] /api/setting/61782eecd6f92d0ecfd981f3 0 (30.479 ms)
::1 [30-10-2021 14:21:10] GET [200] /api/setting/61782eecd6f92d0ecfd981f2 - (27.740 ms)
::1 [30-10-2021 14:26:41] GET [404] /api/unit/type/61782eecd6f92d0ecfd981f2 - (30.706 ms)
::1 [30-10-2021 14:26:47] GET [500] /api/unit/type/61782eecd6f92d0ecfd981f - (2.029 ms)
::1 [30-10-2021 14:26:56] GET [404] /api/unit/type/61782eecd6f92d0ecfd981f2 - (27.961 ms)
::1 [30-10-2021 14:27:22] GET [200] /api/unit/type - (29.928 ms)
::1 [30-10-2021 14:27:50] POST [500] /api/unit/type - (4.339 ms)
::1 [30-10-2021 14:37:31] GET [200] /api/setting/61782eecd6f92d0ecfd981f2 - (41.059 ms)
::1 [30-10-2021 14:37:47] GET [200] /api/setting/61782eecd6f92d0ecfd981f2 - (29.753 ms)
::1 [30-10-2021 14:37:49] GET [200] /api/setting/61782eecd6f92d0ecfd981f2 - (27.125 ms)
::1 [30-10-2021 14:38:07] GET [200] /api/setting/61782eecd6f92d0ecfd981f2 - (31.713 ms)
::1 [30-10-2021 14:38:08] GET [200] /api/setting/61782eecd6f92d0ecfd981f2 - (29.354 ms)
::1 [30-10-2021 14:38:09] GET [200] /api/setting/61782eecd6f92d0ecfd981f2 - (26.978 ms)
::1 [30-10-2021 14:38:17] GET [200] /api/setting/61782eecd6f92d0ecfd981f2 - (35.877 ms)
::1 [30-10-2021 14:38:17] GET [200] /api/setting/61782eecd6f92d0ecfd981f2 - (28.096 ms)
::1 [30-10-2021 14:38:19] GET [200] /api/setting/61782eecd6f92d0ecfd981f2 - (26.802 ms)
::1 [30-10-2021 14:38:42] GET [200] /api/setting/61782eecd6f92d0ecfd981f2 - (38.260 ms)
::1 [30-10-2021 14:38:43] GET [200] /api/setting/61782eecd6f92d0ecfd981f2 - (27.034 ms)
::1 [30-10-2021 14:38:50] GET [200] /api/setting/61782eecd6f92d0ecfd981f2 - (29.532 ms)
::1 [30-10-2021 14:39:03] GET [200] /api/setting/61782eecd6f92d0ecfd981f2 - (30.337 ms)
::1 [30-10-2021 14:39:25] GET [200] /api/setting/61782eecd6f92d0ecfd981f2 - (30.138 ms)
::1 [30-10-2021 15:21:03] PATCH [200] /api/setting/61782eecd6f92d0ecfd981f2 - (61.870 ms)
::1 [30-10-2021 15:21:07] PATCH [200] /api/setting/61782eecd6f92d0ecfd981f2 - (76.357 ms)
::1 [30-10-2021 15:21:11] PATCH [200] /api/setting/61782eecd6f92d0ecfd981f2 - (56.008 ms)
::1 [30-10-2021 15:24:15] PATCH [500] /api/setting/61782eecd6f92d0ecfd981f2 - (28.440 ms)
::1 [30-10-2021 15:24:22] PATCH [200] /api/setting/61782eecd6f92d0ecfd981f2 - (54.627 ms)
::1 [30-10-2021 15:25:40] PATCH [200] /api/setting/61782eecd6f92d0ecfd981f2 - (61.134 ms)
::1 [30-10-2021 15:25:45] PATCH [200] /api/setting/61782eecd6f92d0ecfd981f2 - (61.993 ms)
::1 [30-10-2021 15:25:55] PATCH [200] /api/setting/61782eecd6f92d0ecfd981f2 - (55.033 ms)
::1 [30-10-2021 15:38:14] PATCH [200] /api/setting/61782eecd6f92d0ecfd981f2 - (66.860 ms)
::1 [30-10-2021 15:38:18] PATCH [500] /api/setting/61782eecd6f92d0ecfd981f2 - (28.939 ms)
::1 [30-10-2021 15:39:28] PATCH [200] /api/setting/61782eecd6f92d0ecfd981f2 - (74.692 ms)
::1 [30-10-2021 15:39:47] PATCH [200] /api/setting/61782eecd6f92d0ecfd981f2 - (65.938 ms)
::1 [30-10-2021 15:40:26] PATCH [200] /api/setting/61782eecd6f92d0ecfd981f2 - (80.546 ms)
::1 [30-10-2021 15:40:34] PATCH [200] /api/setting/61782eecd6f92d0ecfd981f2 - (64.288 ms)
::1 [30-10-2021 15:40:41] PATCH [500] /api/setting/61782eecd6f92d0ecfd981f2 - (40.063 ms)
::1 [30-10-2021 15:41:07] PATCH [500] /api/setting/61782eecd6f92d0ecfd981f2 - (29.738 ms)
::1 [30-10-2021 15:41:14] PATCH [200] /api/setting/61782eecd6f92d0ecfd981f2 - (63.631 ms)
::1 [30-10-2021 15:43:55] PATCH [500] /api/setting/61782eecd6f92d0ecfd981f2 - (42.415 ms)
::1 [30-10-2021 15:44:04] PATCH [500] /api/setting/61782eecd6f92d0ecfd981f2 - (34.546 ms)
::1 [30-10-2021 15:44:17] PATCH [500] /api/setting/61782eecd6f92d0ecfd981f2 - (35.143 ms)
::1 [30-10-2021 15:44:24] PATCH [500] /api/setting/61782eecd6f92d0ecfd981f2 - (32.247 ms)
::1 [30-10-2021 15:44:39] PATCH [200] /api/setting/61782eecd6f92d0ecfd981f2 - (617.410 ms)
::1 [30-10-2021 15:44:41] PATCH [200] /api/setting/61782eecd6f92d0ecfd981f2 - (58.969 ms)
::1 [30-10-2021 15:44:52] PATCH [200] /api/setting/61782eecd6f92d0ecfd981f2 - (65.877 ms)
::1 [30-10-2021 15:44:56] PATCH [200] /api/setting/61782eecd6f92d0ecfd981f2 - (58.684 ms)
::1 [30-10-2021 15:44:59] PATCH [200] /api/setting/61782eecd6f92d0ecfd981f2 - (65.643 ms)
::1 [30-10-2021 15:45:02] PATCH [500] /api/setting/61782eecd6f92d0ecfd981f2 - (29.587 ms)
::1 [30-10-2021 15:45:16] PATCH [200] /api/setting/61782eecd6f92d0ecfd981f2 - (53.770 ms)
::1 [30-10-2021 15:59:37] PATCH [500] /api/setting/61782eecd6f92d0ecfd981f2 - (36.442 ms)
::1 [30-10-2021 15:59:41] PATCH [500] /api/setting/61782eecd6f92d0ecfd981f2 - (51.168 ms)
::1 [07-11-2021 11:22:34] GET [200] /api/unit/type - (33.450 ms)
::1 [07-11-2021 11:25:43] POST [500] /api/unit/type - (7.368 ms)
::1 [07-11-2021 11:27:03] POST [200] /api/unit/type - (38.116 ms)
::1 [07-11-2021 11:27:38] GET [200] /api/unit/type - (37.318 ms)
::1 [07-11-2021 11:27:42] GET [200] /api/unit/type/6187a9f750c378ceb769d9a1 - (29.341 ms)
::1 [07-11-2021 11:27:46] GET [200] /api/unit/type - (25.422 ms)
::1 [07-11-2021 11:28:25] POST [200] /api/unit/type - (28.677 ms)
::1 [07-11-2021 11:28:30] GET [200] /api/unit/type - (28.288 ms)
::1 [07-11-2021 11:30:23] GET [200] /api/unit/type/6187a9f750c378ceb769d9a1 - (40.075 ms)
::1 [07-11-2021 11:30:27] DELETE [200] /api/unit/type/6187a9f750c378ceb769d9a1 - (36.179 ms)
::1 [07-11-2021 11:30:30] GET [404] /api/unit/type/6187a9f750c378ceb769d9a1 - (30.567 ms)
::1 [07-11-2021 11:30:33] GET [200] /api/unit/type/ - (34.296 ms)
::1 [07-11-2021 11:30:46] GET [200] /api/unit/type/6187aa4950c378ceb769d9a6 - (35.860 ms)
::1 [07-11-2021 11:30:49] DELETE [200] /api/unit/type/6187aa4950c378ceb769d9a6 - (35.353 ms)
::1 [07-11-2021 11:32:14] GET [200] /api/unit/type - (29.726 ms)
::1 [07-11-2021 11:33:39] POST [200] /api/unit/type - (44.900 ms)
::1 [07-11-2021 11:33:45] POST [200] /api/unit/type - (31.303 ms)
::1 [07-11-2021 11:33:51] GET [200] /api/unit/type - (28.971 ms)
::1 [07-11-2021 11:46:01] GET [200] /api/unit/type/6187ab89a7cb1bb24fc051bc - (50.165 ms)
::1 [07-11-2021 11:46:08] DELETE [200] /api/unit/type/6187ab89a7cb1bb24fc051bc - (31.021 ms)
::1 [07-11-2021 11:47:06] POST [404] /api/unit/type/6187ab89a7cb1bb24fc051bc - (0.682 ms)
::1 [07-11-2021 11:47:15] POST [200] /api/unit/type - (49.458 ms)
::1 [07-11-2021 11:47:57] GET [200] /api/unit/type/6187aeb31b1042713a94f9d8 - (39.103 ms)
::1 [07-11-2021 11:50:40] GET [200] /api/unit/type/6187aeb31b1042713a94f9d8 - (29.935 ms)
::1 [07-11-2021 11:56:00] GET [200] /api/unit/type/full/6187aeb31b1042713a94f9d8 - (33.258 ms)
::1 [07-11-2021 11:56:54] GET [200] /api/unit/type/full/6187aeb31b1042713a94f9d8 - (92.950 ms)
::1 [07-11-2021 11:57:21] GET [200] /api/unit/type/full - (33.342 ms)
::1 [07-11-2021 11:57:48] GET [200] /api/unit/type/full - (93.944 ms)
::1 [07-11-2021 12:05:19] GET [200] /api/unit/type/full - (77.573 ms)
::1 [07-11-2021 12:06:16] GET [200] /api/unit/type - (29.345 ms)
::1 [07-11-2021 13:19:36] GET [404] /api/card - (2.518 ms)
::1 [07-11-2021 13:19:55] GET [200] /api/card - (29.674 ms)
::1 [07-11-2021 13:30:06] GET [200] /api/card - (171.079 ms)
::1 [07-11-2021 13:30:10] GET [200] /api/card/active - (80.235 ms)
::1 [07-11-2021 13:30:16] GET [200] /api/card/unactive - (30.833 ms)
::1 [07-11-2021 13:30:20] GET [200] /api/card/unassigned - (62.196 ms)
::1 [07-11-2021 13:31:49] GET [500] /api/card/hex/ - (3.008 ms)
::1 [07-11-2021 13:32:23] GET [200] /api/card/hex/2DDC44A1 - (33.637 ms)
::1 [07-11-2021 13:32:31] GET [200] /api/card/hex/2DDC44A1 - (41.815 ms)
::1 [07-11-2021 13:32:38] GET [500] /api/card/hex - (1.566 ms)
::1 [07-11-2021 13:32:42] GET [200] /api/card/hex/2DDC44A1 - (29.117 ms)
::1 [07-11-2021 13:32:46] GET [500] /api/card/hex/ - (0.423 ms)
::1 [07-11-2021 13:32:53] GET [200] /api/card/hex/2DDC44A1 - (30.255 ms)
::1 [07-11-2021 13:33:09] GET [200] /api/card/hex/2DDC44A1 - (101.284 ms)
::1 [07-11-2021 13:33:40] GET [404] /api/card/hex/2DDC44A1 - (29.922 ms)
::1 [07-11-2021 14:30:27] GET [200] /api/card/full - (30.727 ms)
::1 [07-11-2021 14:48:39] GET [200] /api/card - (29.884 ms)
::1 [07-11-2021 14:51:09] POST [200] /api/card - (38.507 ms)
::1 [07-11-2021 14:51:17] GET [200] /api/card - (34.845 ms)
::1 [07-11-2021 14:51:52] GET [200] /api/card/unassigned - (119.545 ms)
::1 [07-11-2021 14:54:15] POST [500] /api/card - (58.698 ms)
::1 [07-11-2021 15:05:22] GET [200] /api/card - (35.214 ms)
::1 [07-11-2021 15:05:27] GET [200] /api/card/6187d9cd2e4b9c755ed3519f - (29.429 ms)
::1 [07-11-2021 15:15:38] GET [200] /api/card/6187d9cd2e4b9c755ed3519f - (33.800 ms)
::1 [07-11-2021 15:49:08] POST [500] /api/card - (6.440 ms)
::1 [07-11-2021 15:49:21] POST [200] /api/card - (52.145 ms)
::1 [07-11-2021 15:51:02] POST [200] /api/card - (44.310 ms)
::1 [07-11-2021 15:51:55] POST [200] /api/card - (48.420 ms)
::1 [07-11-2021 16:12:53] GET [200] /api/card - (29.737 ms)
::1 [07-11-2021 16:12:58] GET [200] /api/card/active - (144.515 ms)
::1 [07-11-2021 16:13:01] GET [200] /api/card/unactive - (91.138 ms)
::1 [07-11-2021 16:13:08] GET [200] /api/card/unassigned - (26.525 ms)
::1 [07-11-2021 16:13:16] GET [200] /api/card/active - (29.218 ms)
::1 [07-11-2021 16:13:20] GET [200] /api/card - (32.829 ms)
::1 [07-11-2021 16:13:23] GET [200] /api/card/hex/2DDC44A1 - (26.085 ms)
::1 [07-11-2021 16:20:14] POST [200] /api/card - (43.910 ms)
::1 [07-11-2021 16:20:21] GET [200] /api/card - (31.285 ms)
::1 [07-11-2021 16:20:33] GET [200] /api/card/full - (35.678 ms)
::1 [07-11-2021 16:20:48] GET [200] /api/card/unassigned - (51.057 ms)
::1 [07-11-2021 16:30:25] GET [200] /api/card/6187eeae029135f7a78387ae - (38.253 ms)
::1 [07-11-2021 16:30:29] GET [404] /api/card/6187eeae029135f7a78387ab - (35.935 ms)
::1 [07-11-2021 16:30:52] GET [200] /api/card/6187eeae029135f7a78387ab 0 (55.160 ms)
::1 [07-11-2021 16:30:54] GET [200] /api/card/6187eeae029135f7a78387ab 0 (31.730 ms)
::1 [07-11-2021 16:31:00] GET [200] /api/card/6187eeae029135f7a78387ae - (32.049 ms)
::1 [07-11-2021 16:31:04] GET [200] /api/card/6187eeae029135f7a78387ab 0 (31.174 ms)
::1 [07-11-2021 16:31:20] GET [200] /api/card/6187eeae029135f7a78387ab 0 (31.595 ms)
::1 [07-11-2021 16:31:26] GET [200] /api/card/6187eeae029135f7a78387ae - (35.754 ms)
::1 [19-02-2022 16:41:48] GET [200] /api 2290 (0.455 ms)
